0	16:14:44	RWM_Diagnose.ex	IRP_MJ_CREATE	VCP0	SUCCESS	Options: Open 	
1	16:14:44	RWM_Diagnose.ex	IOCTL_SERIAL_GET_PROPERTIES	VCP0	SUCCESS		
2	16:14:44	RWM_Diagnose.ex	IOCTL_SERIAL_GET_MODEMSTATUS	VCP0	SUCCESS		
3	16:14:44	RWM_Diagnose.ex	IOCTL_SERIAL_GET_BAUD_RATE	VCP0	SUCCESS		
4	16:14:44	RWM_Diagnose.ex	IOCTL_SERIAL_GET_LINE_CONTROL	VCP0	SUCCESS		
5	16:14:44	RWM_Diagnose.ex	IOCTL_SERIAL_GET_CHARS	VCP0	SUCCESS		
6	16:14:44	RWM_Diagnose.ex	IOCTL_SERIAL_GET_HANDFLOW	VCP0	SUCCESS		
7	16:14:44	RWM_Diagnose.ex	IOCTL_SERIAL_GET_BAUD_RATE	VCP0	SUCCESS		
8	16:14:44	RWM_Diagnose.ex	IOCTL_SERIAL_GET_LINE_CONTROL	VCP0	SUCCESS		
9	16:14:44	RWM_Diagnose.ex	IOCTL_SERIAL_GET_CHARS	VCP0	SUCCESS		
10	16:14:44	RWM_Diagnose.ex	IOCTL_SERIAL_GET_HANDFLOW	VCP0	SUCCESS		
11	16:14:44	RWM_Diagnose.ex	IOCTL_SERIAL_SET_BAUD_RATE	VCP0	SUCCESS	Rate: 9600	
12	16:14:44	RWM_Diagnose.ex	IOCTL_SERIAL_CLR_RTS	VCP0	SUCCESS		
13	16:14:44	RWM_Diagnose.ex	IOCTL_SERIAL_CLR_DTR	VCP0	SUCCESS		
14	16:14:44	RWM_Diagnose.ex	IOCTL_SERIAL_SET_LINE_CONTROL	VCP0	SUCCESS	StopBits: 1 Parity: NONE WordLength: 8	
15	16:14:44	RWM_Diagnose.ex	IOCTL_SERIAL_SET_CHAR	VCP0	SUCCESS	EOF:1a ERR:0 BRK:0 EVT:1a XON:11 XOFF:13	
16	16:14:44	RWM_Diagnose.ex	IOCTL_SERIAL_SET_HANDFLOW	VCP0	SUCCESS	Shake:0 Replace:0 XonLimit:1024 XoffLimit:1024	
17	16:14:44	RWM_Diagnose.ex	IOCTL_SERIAL_GET_BAUD_RATE	VCP0	SUCCESS		
18	16:14:44	RWM_Diagnose.ex	IOCTL_SERIAL_GET_LINE_CONTROL	VCP0	SUCCESS		
19	16:14:44	RWM_Diagnose.ex	IOCTL_SERIAL_GET_CHARS	VCP0	SUCCESS		
20	16:14:44	RWM_Diagnose.ex	IOCTL_SERIAL_GET_HANDFLOW	VCP0	SUCCESS		
21	16:14:44	RWM_Diagnose.ex	IOCTL_SERIAL_SET_BAUD_RATE	VCP0	SUCCESS	Rate: 9600	
22	16:14:44	RWM_Diagnose.ex	IOCTL_SERIAL_CLR_RTS	VCP0	SUCCESS		
23	16:14:44	RWM_Diagnose.ex	IOCTL_SERIAL_CLR_DTR	VCP0	SUCCESS		
24	16:14:44	RWM_Diagnose.ex	IOCTL_SERIAL_SET_LINE_CONTROL	VCP0	SUCCESS	StopBits: 1 Parity: NONE WordLength: 8	
25	16:14:44	RWM_Diagnose.ex	IOCTL_SERIAL_SET_CHAR	VCP0	SUCCESS	EOF:1a ERR:0 BRK:0 EVT:1a XON:11 XOFF:13	
26	16:14:44	RWM_Diagnose.ex	IOCTL_SERIAL_SET_HANDFLOW	VCP0	SUCCESS	Shake:0 Replace:0 XonLimit:1024 XoffLimit:1024	
27	16:14:44	RWM_Diagnose.ex	IOCTL_SERIAL_CLR_DTR	VCP0	SUCCESS		
28	16:14:44	RWM_Diagnose.ex	IOCTL_SERIAL_SET_TIMEOUTS	VCP0	SUCCESS	RI:-1 RM:-1 RC:1000 WM:0 WC:1000	
29	16:14:44	RWM_Diagnose.ex	IOCTL_SERIAL_SET_WAIT_MASK	VCP0	SUCCESS	Mask: RXCHAR RXFLAG CTS DSR RLSD BRK ERR RING 	
30	16:14:44	RWM_Diagnose.ex	IOCTL_SERIAL_WAIT_ON_MASK	VCP0	SUCCESS		
31	16:14:44	RWM_Diagnose.ex	IOCTL_SERIAL_SET_QUEUE_SIZE	VCP0	SUCCESS	InSize: 4096 OutSize: 2048	
32	16:14:44	RWM_Diagnose.ex	IRP_MJ_WRITE	VCP0	SUCCESS	Length 11: ..01TESTA1.	
33	16:14:44	RWM_Diagnose.ex	IOCTL_SERIAL_WAIT_ON_MASK	VCP0	SUCCESS		
34	16:14:44	RWM_Diagnose.ex	IOCTL_SERIAL_GET_COMMSTATUS	VCP0	SUCCESS		
35	16:14:44	RWM_Diagnose.ex	IRP_MJ_READ	VCP0	SUCCESS	Length 1: .	
36	16:14:44	RWM_Diagnose.ex	IRP_MJ_WRITE	VCP0	SUCCESS	Length 4: .SV.	
37	16:14:44	RWM_Diagnose.ex	IOCTL_SERIAL_GET_COMMSTATUS	VCP0	SUCCESS		
38	16:14:44	RWM_Diagnose.ex	IOCTL_SERIAL_GET_COMMSTATUS	VCP0	SUCCESS		
39	16:14:44	RWM_Diagnose.ex	IRP_MJ_READ	VCP0	SUCCESS	Length 1: .	
40	16:14:44	RWM_Diagnose.ex	IOCTL_SERIAL_WAIT_ON_MASK	VCP0	SUCCESS		
41	16:14:44	RWM_Diagnose.ex	IOCTL_SERIAL_GET_COMMSTATUS	VCP0	SUCCESS		
42	16:14:44	RWM_Diagnose.ex	IRP_MJ_READ	VCP0	SUCCESS	Length 10: GI_RM_V00.	
43	16:14:44	RWM_Diagnose.ex	IOCTL_SERIAL_GET_COMMSTATUS	VCP0	SUCCESS		
44	16:14:44	RWM_Diagnose.ex	IOCTL_SERIAL_GET_COMMSTATUS	VCP0	SUCCESS		
45	16:14:44	RWM_Diagnose.ex	IOCTL_SERIAL_GET_COMMSTATUS	VCP0	SUCCESS		
46	16:14:44	RWM_Diagnose.ex	IOCTL_SERIAL_GET_COMMSTATUS	VCP0	SUCCESS		
47	16:14:44	RWM_Diagnose.ex	IOCTL_SERIAL_GET_COMMSTATUS	VCP0	SUCCESS		
48	16:14:44	RWM_Diagnose.ex	IOCTL_SERIAL_GET_COMMSTATUS	VCP0	SUCCESS		
49	16:14:44	RWM_Diagnose.ex	IOCTL_SERIAL_GET_COMMSTATUS	VCP0	SUCCESS		
50	16:14:44	RWM_Diagnose.ex	IOCTL_SERIAL_GET_COMMSTATUS	VCP0	SUCCESS		
51	16:14:44	RWM_Diagnose.ex	IOCTL_SERIAL_GET_COMMSTATUS	VCP0	SUCCESS		
52	16:14:44	RWM_Diagnose.ex	IOCTL_SERIAL_GET_COMMSTATUS	VCP0	SUCCESS		
53	16:14:44	RWM_Diagnose.ex	IRP_MJ_READ	VCP0	SUCCESS	Length 1: 7	
54	16:14:44	RWM_Diagnose.ex	IOCTL_SERIAL_WAIT_ON_MASK	VCP0	SUCCESS		
55	16:14:44	RWM_Diagnose.ex	IOCTL_SERIAL_GET_COMMSTATUS	VCP0	SUCCESS		
56	16:14:44	RWM_Diagnose.ex	IRP_MJ_READ	VCP0	SUCCESS	Length 2: 0.	
57	16:14:44	RWM_Diagnose.ex	IOCTL_SERIAL_GET_COMMSTATUS	VCP0	SUCCESS		
58	16:14:44	RWM_Diagnose.ex	IRP_MJ_FLUSH_BUFFERS	VCP0	SUCCESS		
59	16:14:44	RWM_Diagnose.ex	IOCTL_SERIAL_SET_WAIT_MASK	VCP0	SUCCESS	Mask: 	
60	16:14:44	RWM_Diagnose.ex	IOCTL_SERIAL_CLR_DTR	VCP0	SUCCESS		
61	16:14:44	RWM_Diagnose.ex	IRP_MJ_FLUSH_BUFFERS	VCP0	SUCCESS		
62	16:14:44	RWM_Diagnose.ex	IOCTL_SERIAL_PURGE	VCP0	SUCCESS	Purge: RXABORT RXCLEAR	
63	16:14:44	RWM_Diagnose.ex	IOCTL_SERIAL_PURGE	VCP0	SUCCESS	Purge: TXABORT TXCLEAR 	
64	16:14:44	RWM_Diagnose.ex	IRP_MJ_CLEANUP	VCP0	SUCCESS		
65	16:14:44	RWM_Diagnose.ex	IRP_MJ_CLOSE	VCP0	SUCCESS		
66	16:14:44	RWM_Diagnose.ex	IRP_MJ_CREATE	VCP0	SUCCESS	Options: Open 	
67	16:14:44	RWM_Diagnose.ex	IOCTL_SERIAL_GET_PROPERTIES	VCP0	SUCCESS		
68	16:14:44	RWM_Diagnose.ex	IOCTL_SERIAL_GET_MODEMSTATUS	VCP0	SUCCESS		
69	16:14:44	RWM_Diagnose.ex	IOCTL_SERIAL_GET_BAUD_RATE	VCP0	SUCCESS		
70	16:14:44	RWM_Diagnose.ex	IOCTL_SERIAL_GET_LINE_CONTROL	VCP0	SUCCESS		
71	16:14:44	RWM_Diagnose.ex	IOCTL_SERIAL_GET_CHARS	VCP0	SUCCESS		
72	16:14:44	RWM_Diagnose.ex	IOCTL_SERIAL_GET_HANDFLOW	VCP0	SUCCESS		
73	16:14:44	RWM_Diagnose.ex	IOCTL_SERIAL_GET_BAUD_RATE	VCP0	SUCCESS		
74	16:14:44	RWM_Diagnose.ex	IOCTL_SERIAL_GET_LINE_CONTROL	VCP0	SUCCESS		
75	16:14:44	RWM_Diagnose.ex	IOCTL_SERIAL_GET_CHARS	VCP0	SUCCESS		
76	16:14:44	RWM_Diagnose.ex	IOCTL_SERIAL_GET_HANDFLOW	VCP0	SUCCESS		
77	16:14:44	RWM_Diagnose.ex	IOCTL_SERIAL_SET_BAUD_RATE	VCP0	SUCCESS	Rate: 9600	
78	16:14:44	RWM_Diagnose.ex	IOCTL_SERIAL_CLR_RTS	VCP0	SUCCESS		
79	16:14:44	RWM_Diagnose.ex	IOCTL_SERIAL_CLR_DTR	VCP0	SUCCESS		
80	16:14:44	RWM_Diagnose.ex	IOCTL_SERIAL_SET_LINE_CONTROL	VCP0	SUCCESS	StopBits: 1 Parity: NONE WordLength: 8	
81	16:14:44	RWM_Diagnose.ex	IOCTL_SERIAL_SET_CHAR	VCP0	SUCCESS	EOF:1a ERR:0 BRK:0 EVT:1a XON:11 XOFF:13	
82	16:14:44	RWM_Diagnose.ex	IOCTL_SERIAL_SET_HANDFLOW	VCP0	SUCCESS	Shake:0 Replace:0 XonLimit:1024 XoffLimit:1024	
83	16:14:44	RWM_Diagnose.ex	IOCTL_SERIAL_GET_BAUD_RATE	VCP0	SUCCESS		
84	16:14:44	RWM_Diagnose.ex	IOCTL_SERIAL_GET_LINE_CONTROL	VCP0	SUCCESS		
85	16:14:44	RWM_Diagnose.ex	IOCTL_SERIAL_GET_CHARS	VCP0	SUCCESS		
86	16:14:44	RWM_Diagnose.ex	IOCTL_SERIAL_GET_HANDFLOW	VCP0	SUCCESS		
87	16:14:44	RWM_Diagnose.ex	IOCTL_SERIAL_SET_BAUD_RATE	VCP0	SUCCESS	Rate: 9600	
88	16:14:44	RWM_Diagnose.ex	IOCTL_SERIAL_CLR_RTS	VCP0	SUCCESS		
89	16:14:44	RWM_Diagnose.ex	IOCTL_SERIAL_CLR_DTR	VCP0	SUCCESS		
90	16:14:44	RWM_Diagnose.ex	IOCTL_SERIAL_SET_LINE_CONTROL	VCP0	SUCCESS	StopBits: 1 Parity: NONE WordLength: 8	
91	16:14:44	RWM_Diagnose.ex	IOCTL_SERIAL_SET_CHAR	VCP0	SUCCESS	EOF:1a ERR:0 BRK:0 EVT:1a XON:11 XOFF:13	
92	16:14:44	RWM_Diagnose.ex	IOCTL_SERIAL_SET_HANDFLOW	VCP0	SUCCESS	Shake:0 Replace:0 XonLimit:1024 XoffLimit:1024	
93	16:14:44	RWM_Diagnose.ex	IOCTL_SERIAL_CLR_DTR	VCP0	SUCCESS		
94	16:14:44	RWM_Diagnose.ex	IOCTL_SERIAL_SET_TIMEOUTS	VCP0	SUCCESS	RI:-1 RM:-1 RC:500 WM:0 WC:500	
95	16:14:44	RWM_Diagnose.ex	IOCTL_SERIAL_SET_WAIT_MASK	VCP0	SUCCESS	Mask: RXCHAR RXFLAG CTS DSR RLSD BRK ERR RING 	
96	16:14:44	RWM_Diagnose.ex	IOCTL_SERIAL_WAIT_ON_MASK	VCP0	SUCCESS		

*** Find smoke detector of group B1DB ***

97	16:14:44	RWM_Diagnose.ex	IOCTL_SERIAL_SET_QUEUE_SIZE	VCP0	SUCCESS	InSize: 4096 OutSize: 2048	
98	16:14:48	RWM_Diagnose.ex	IRP_MJ_WRITE	VCP0	SUCCESS	Length 11: ..01TESTA1.	
99	16:14:48	RWM_Diagnose.ex	IOCTL_SERIAL_WAIT_ON_MASK	VCP0	SUCCESS		
100	16:14:48	RWM_Diagnose.ex	IOCTL_SERIAL_GET_COMMSTATUS	VCP0	SUCCESS		
101	16:14:48	RWM_Diagnose.ex	IRP_MJ_READ	VCP0	SUCCESS	Length 1: .	
102	16:14:48	RWM_Diagnose.ex	IRP_MJ_WRITE	VCP0	SUCCESS	Length 4: .GA.	
103	16:14:48	RWM_Diagnose.ex	IOCTL_SERIAL_WAIT_ON_MASK	VCP0	SUCCESS		
104	16:14:48	RWM_Diagnose.ex	IOCTL_SERIAL_GET_COMMSTATUS	VCP0	SUCCESS		
105	16:14:48	RWM_Diagnose.ex	IRP_MJ_READ	VCP0	SUCCESS	Length 1: .	
106	16:15:01	RWM_Diagnose.ex	IOCTL_SERIAL_WAIT_ON_MASK	VCP0	SUCCESS		
107	16:15:01	RWM_Diagnose.ex	IOCTL_SERIAL_GET_COMMSTATUS	VCP0	SUCCESS		
108	16:15:01	RWM_Diagnose.ex	IRP_MJ_READ	VCP0	SUCCESS	Length 6: .B1DB.	
109	16:15:07	RWM_Diagnose.ex	IRP_MJ_WRITE	VCP0	SUCCESS	Length 11: ..01TESTA1.	
110	16:15:07	RWM_Diagnose.ex	IOCTL_SERIAL_WAIT_ON_MASK	VCP0	SUCCESS		
111	16:15:07	RWM_Diagnose.ex	IOCTL_SERIAL_GET_COMMSTATUS	VCP0	SUCCESS		
112	16:15:07	RWM_Diagnose.ex	IRP_MJ_READ	VCP0	SUCCESS	Length 1: .	
113	16:15:07	RWM_Diagnose.ex	IRP_MJ_WRITE	VCP0	SUCCESS	Length 9: .GD:B1DB.	
114	16:15:07	RWM_Diagnose.ex	IOCTL_SERIAL_WAIT_ON_MASK	VCP0	SUCCESS		
115	16:15:07	RWM_Diagnose.ex	IOCTL_SERIAL_GET_COMMSTATUS	VCP0	SUCCESS		
116	16:15:07	RWM_Diagnose.ex	IRP_MJ_READ	VCP0	SUCCESS	Length 1: .	
117	16:15:46	RWM_Diagnose.ex	IOCTL_SERIAL_WAIT_ON_MASK	VCP0	SUCCESS		
118	16:15:46	RWM_Diagnose.ex	IOCTL_SERIAL_GET_COMMSTATUS	VCP0	SUCCESS		
119	16:15:46	RWM_Diagnose.ex	IRP_MJ_READ	VCP0	SUCCESS	Length 5: .REC.	
120	16:16:09	RWM_Diagnose.ex	IOCTL_SERIAL_WAIT_ON_MASK	VCP0	SUCCESS		
121	16:16:09	RWM_Diagnose.ex	IOCTL_SERIAL_GET_COMMSTATUS	VCP0	SUCCESS		
122	16:16:09	RWM_Diagnose.ex	IRP_MJ_READ	VCP0	SUCCESS	Length 4: .B1D	
123	16:16:09	RWM_Diagnose.ex	IOCTL_SERIAL_WAIT_ON_MASK	VCP0	SUCCESS		
124	16:16:09	RWM_Diagnose.ex	IOCTL_SERIAL_GET_COMMSTATUS	VCP0	SUCCESS		
125	16:16:09	RWM_Diagnose.ex	IRP_MJ_READ	VCP0	SUCCESS	Length 2: B.	
126	16:16:26	RWM_Diagnose.ex	IOCTL_SERIAL_WAIT_ON_MASK	VCP0			
127	16:16:26	RWM_Diagnose.ex	IOCTL_SERIAL_GET_COMMSTATUS	VCP0	SUCCESS		
128	16:16:26	RWM_Diagnose.ex	IRP_MJ_READ	VCP0	SUCCESS	Length 9: .Timeout.	
