[\\FAFNIRSSON]
0  18:00:42  RWM_Diagnose.ex  IRP_MJ_CREATE  Serial0  Options: Open 
0  18:00:42  SUCCESS  
1  18:00:42  RWM_Diagnose.ex  IOCTL_SERIAL_GET_PROPERTIES  Serial0  
1  18:00:42  SUCCESS  
2  18:00:42  RWM_Diagnose.ex  IOCTL_SERIAL_GET_MODEMSTATUS  Serial0  
2  18:00:42  SUCCESS  
3  18:00:42  RWM_Diagnose.ex  IOCTL_SERIAL_GET_BAUD_RATE  Serial0  
3  18:00:42  SUCCESS  
4  18:00:42  RWM_Diagnose.ex  IOCTL_SERIAL_GET_LINE_CONTROL  Serial0  
4  18:00:42  SUCCESS  
5  18:00:42  RWM_Diagnose.ex  IOCTL_SERIAL_GET_CHARS  Serial0  
5  18:00:42  SUCCESS  
6  18:00:42  RWM_Diagnose.ex  IOCTL_SERIAL_GET_HANDFLOW  Serial0  
6  18:00:42  SUCCESS  
7  18:00:42  RWM_Diagnose.ex  IOCTL_SERIAL_GET_BAUD_RATE  Serial0  
7  18:00:42  SUCCESS  
8  18:00:42  RWM_Diagnose.ex  IOCTL_SERIAL_GET_LINE_CONTROL  Serial0  
8  18:00:42  SUCCESS  
9  18:00:42  RWM_Diagnose.ex  IOCTL_SERIAL_GET_CHARS  Serial0  
9  18:00:42  SUCCESS  
10  18:00:42  RWM_Diagnose.ex  IOCTL_SERIAL_GET_HANDFLOW  Serial0  
10  18:00:42  SUCCESS  
11  18:00:42  RWM_Diagnose.ex  IOCTL_SERIAL_SET_BAUD_RATE  Serial0  Rate: 9600
11  18:00:42  SUCCESS  
12  18:00:42  RWM_Diagnose.ex  IOCTL_SERIAL_SET_RTS  Serial0  
12  18:00:42  SUCCESS  
13  18:00:42  RWM_Diagnose.ex  IOCTL_SERIAL_CLR_DTR  Serial0  
13  18:00:42  SUCCESS  
14  18:00:42  RWM_Diagnose.ex  IOCTL_SERIAL_SET_LINE_CONTROL  Serial0  StopBits: 1 Parity: NONE WordLength: 8
14  18:00:42  SUCCESS  
15  18:00:42  RWM_Diagnose.ex  IOCTL_SERIAL_SET_CHAR  Serial0  EOF:1a ERR:0 BRK:0 EVT:1a XON:11 XOFF:13
15  18:00:42  SUCCESS  
16  18:00:42  RWM_Diagnose.ex  IOCTL_SERIAL_SET_HANDFLOW  Serial0  Shake:0 Replace:40 XonLimit:1024 XoffLimit:1024
16  18:00:42  SUCCESS  
17  18:00:42  RWM_Diagnose.ex  IOCTL_SERIAL_GET_BAUD_RATE  Serial0  
17  18:00:42  SUCCESS  
18  18:00:42  RWM_Diagnose.ex  IOCTL_SERIAL_GET_LINE_CONTROL  Serial0  
18  18:00:42  SUCCESS  
19  18:00:42  RWM_Diagnose.ex  IOCTL_SERIAL_GET_CHARS  Serial0  
19  18:00:42  SUCCESS  
20  18:00:42  RWM_Diagnose.ex  IOCTL_SERIAL_GET_HANDFLOW  Serial0  
20  18:00:42  SUCCESS  
21  18:00:42  RWM_Diagnose.ex  IOCTL_SERIAL_SET_BAUD_RATE  Serial0  Rate: 9600
21  18:00:42  SUCCESS  
22  18:00:42  RWM_Diagnose.ex  IOCTL_SERIAL_SET_RTS  Serial0  
22  18:00:42  SUCCESS  
23  18:00:42  RWM_Diagnose.ex  IOCTL_SERIAL_CLR_DTR  Serial0  
23  18:00:42  SUCCESS  
24  18:00:42  RWM_Diagnose.ex  IOCTL_SERIAL_SET_LINE_CONTROL  Serial0  StopBits: 1 Parity: NONE WordLength: 8
24  18:00:42  SUCCESS  
25  18:00:42  RWM_Diagnose.ex  IOCTL_SERIAL_SET_CHAR  Serial0  EOF:1a ERR:0 BRK:0 EVT:1a XON:11 XOFF:13
25  18:00:42  SUCCESS  
26  18:00:42  RWM_Diagnose.ex  IOCTL_SERIAL_SET_HANDFLOW  Serial0  Shake:0 Replace:40 XonLimit:1024 XoffLimit:1024
26  18:00:42  SUCCESS  
27  18:00:42  RWM_Diagnose.ex  IOCTL_SERIAL_CLR_DTR  Serial0  
27  18:00:42  SUCCESS  
28  18:00:42  RWM_Diagnose.ex  IOCTL_SERIAL_GET_BAUD_RATE  Serial0  
28  18:00:42  SUCCESS  
29  18:00:42  RWM_Diagnose.ex  IOCTL_SERIAL_GET_LINE_CONTROL  Serial0  
29  18:00:42  SUCCESS  
30  18:00:42  RWM_Diagnose.ex  IOCTL_SERIAL_GET_CHARS  Serial0  
30  18:00:42  SUCCESS  
31  18:00:42  RWM_Diagnose.ex  IOCTL_SERIAL_GET_HANDFLOW  Serial0  
31  18:00:42  SUCCESS  
32  18:00:42  RWM_Diagnose.ex  IOCTL_SERIAL_SET_BAUD_RATE  Serial0  Rate: 9600
32  18:00:42  SUCCESS  
33  18:00:42  RWM_Diagnose.ex  IOCTL_SERIAL_CLR_RTS  Serial0  
33  18:00:42  SUCCESS  
34  18:00:42  RWM_Diagnose.ex  IOCTL_SERIAL_CLR_DTR  Serial0  
34  18:00:42  SUCCESS  
35  18:00:42  RWM_Diagnose.ex  IOCTL_SERIAL_SET_LINE_CONTROL  Serial0  StopBits: 1 Parity: NONE WordLength: 8
35  18:00:42  SUCCESS  
36  18:00:42  RWM_Diagnose.ex  IOCTL_SERIAL_SET_CHAR  Serial0  EOF:1a ERR:0 BRK:0 EVT:1a XON:11 XOFF:13
36  18:00:42  SUCCESS  
37  18:00:42  RWM_Diagnose.ex  IOCTL_SERIAL_SET_HANDFLOW  Serial0  Shake:0 Replace:0 XonLimit:1024 XoffLimit:1024
37  18:00:42  SUCCESS  
38  18:00:42  RWM_Diagnose.ex  IOCTL_SERIAL_CLR_RTS  Serial0  
38  18:00:42  SUCCESS  
39  18:00:42  RWM_Diagnose.ex  IOCTL_SERIAL_SET_TIMEOUTS  Serial0  RI:-1 RM:-1 RC:1000 WM:0 WC:1000
39  18:00:42  SUCCESS  
40  18:00:42  RWM_Diagnose.ex  IOCTL_SERIAL_SET_WAIT_MASK  Serial0  Mask: RXCHAR RXFLAG CTS DSR RLSD BRK ERR RING 
40  18:00:42  SUCCESS  
41  18:00:42  RWM_Diagnose.ex  IOCTL_SERIAL_WAIT_ON_MASK  Serial0  
42  18:00:42  RWM_Diagnose.ex  IOCTL_SERIAL_SET_QUEUE_SIZE  Serial0  InSize: 4096 OutSize: 2048
42  18:00:42  SUCCESS  

*** Init radio ***

43  18:00:42  RWM_Diagnose.ex  IRP_MJ_WRITE  Serial0  Length 11: ..01TESTA1.
43  18:00:42  SUCCESS  
41  18:00:42  SUCCESS  
44  18:00:42  RWM_Diagnose.ex  IOCTL_SERIAL_WAIT_ON_MASK  Serial0  
45  18:00:42  RWM_Diagnose.ex  IOCTL_SERIAL_GET_COMMSTATUS  Serial0  
45  18:00:42  SUCCESS  
46  18:00:42  RWM_Diagnose.ex  IRP_MJ_READ  Serial0  Length 1
46  18:00:42  SUCCESS  Length 1: .
47  18:00:42  RWM_Diagnose.ex  IRP_MJ_WRITE  Serial0  Length 4: .SV.
47  18:00:42  SUCCESS  
48  18:00:42  RWM_Diagnose.ex  IOCTL_SERIAL_GET_COMMSTATUS  Serial0  
48  18:00:42  SUCCESS  
49  18:00:42  RWM_Diagnose.ex  IOCTL_SERIAL_GET_COMMSTATUS  Serial0  
49  18:00:42  SUCCESS  
50  18:00:42  RWM_Diagnose.ex  IRP_MJ_READ  Serial0  Length 2
44  18:00:42  SUCCESS  
50  18:00:42  SUCCESS  Length 1: .
51  18:00:42  RWM_Diagnose.ex  IOCTL_SERIAL_WAIT_ON_MASK  Serial0  
51  18:00:42  SUCCESS  
52  18:00:42  RWM_Diagnose.ex  IOCTL_SERIAL_WAIT_ON_MASK  Serial0  
53  18:00:42  RWM_Diagnose.ex  IOCTL_SERIAL_GET_COMMSTATUS  Serial0  
53  18:00:42  SUCCESS  
54  18:00:42  RWM_Diagnose.ex  IRP_MJ_READ  Serial0  Length 7
54  18:00:42  SUCCESS  Length 7: GI_RM_V
55  18:00:42  RWM_Diagnose.ex  IOCTL_SERIAL_GET_COMMSTATUS  Serial0  
55  18:00:42  SUCCESS  
56  18:00:42  RWM_Diagnose.ex  IOCTL_SERIAL_GET_COMMSTATUS  Serial0  
56  18:00:42  SUCCESS  
57  18:00:42  RWM_Diagnose.ex  IOCTL_SERIAL_GET_COMMSTATUS  Serial0  
57  18:00:42  SUCCESS  
58  18:00:42  RWM_Diagnose.ex  IOCTL_SERIAL_GET_COMMSTATUS  Serial0  
58  18:00:42  SUCCESS  
59  18:00:42  RWM_Diagnose.ex  IOCTL_SERIAL_GET_COMMSTATUS  Serial0  
59  18:00:42  SUCCESS  
60  18:00:42  RWM_Diagnose.ex  IOCTL_SERIAL_GET_COMMSTATUS  Serial0  
60  18:00:42  SUCCESS  
61  18:00:42  RWM_Diagnose.ex  IOCTL_SERIAL_GET_COMMSTATUS  Serial0  
61  18:00:42  SUCCESS  
62  18:00:42  RWM_Diagnose.ex  IRP_MJ_READ  Serial0  Length 2
52  18:00:42  SUCCESS  
62  18:00:42  SUCCESS  Length 1: 0
63  18:00:42  RWM_Diagnose.ex  IOCTL_SERIAL_WAIT_ON_MASK  Serial0  
63  18:00:42  SUCCESS  
64  18:00:42  RWM_Diagnose.ex  IOCTL_SERIAL_WAIT_ON_MASK  Serial0  
65  18:00:42  RWM_Diagnose.ex  IOCTL_SERIAL_GET_COMMSTATUS  Serial0  
65  18:00:42  SUCCESS  
66  18:00:42  RWM_Diagnose.ex  IRP_MJ_READ  Serial0  Length 5
66  18:00:42  SUCCESS  Length 5: 0.72.
67  18:00:42  RWM_Diagnose.ex  IOCTL_SERIAL_GET_COMMSTATUS  Serial0  
67  18:00:42  SUCCESS  
68  18:00:42  RWM_Diagnose.ex  IOCTL_SERIAL_GET_COMMSTATUS  Serial0  
68  18:00:42  SUCCESS  
69  18:00:42  RWM_Diagnose.ex  IOCTL_SERIAL_GET_COMMSTATUS  Serial0  
69  18:00:42  SUCCESS  
70  18:00:42  RWM_Diagnose.ex  IOCTL_SERIAL_GET_COMMSTATUS  Serial0  
70  18:00:42  SUCCESS  
71  18:00:42  RWM_Diagnose.ex  IRP_MJ_FLUSH_BUFFERS  Serial0  
71  18:00:42  SUCCESS  
72  18:00:42  RWM_Diagnose.ex  IOCTL_SERIAL_SET_WAIT_MASK  Serial0  Mask: 
64  18:00:42  SUCCESS  
72  18:00:42  SUCCESS  
73  18:00:42  RWM_Diagnose.ex  IOCTL_SERIAL_CLR_DTR  Serial0  
73  18:00:42  SUCCESS  
74  18:00:42  RWM_Diagnose.ex  IRP_MJ_FLUSH_BUFFERS  Serial0  
74  18:00:42  SUCCESS  
75  18:00:42  RWM_Diagnose.ex  IOCTL_SERIAL_PURGE  Serial0  Purge: RXABORT RXCLEAR
75  18:00:42  SUCCESS  
76  18:00:42  RWM_Diagnose.ex  IOCTL_SERIAL_PURGE  Serial0  Purge: TXABORT TXCLEAR 
76  18:00:42  SUCCESS  
77  18:00:42  RWM_Diagnose.ex  IRP_MJ_CLEANUP  Serial0  
77  18:00:42  SUCCESS  
78  18:00:42  RWM_Diagnose.ex  IRP_MJ_CLOSE  Serial0  
78  18:00:42  SUCCESS  
79  18:00:42  RWM_Diagnose.ex  IRP_MJ_CREATE  Serial0  Options: Open 
79  18:00:42  SUCCESS  
80  18:00:42  RWM_Diagnose.ex  IOCTL_SERIAL_GET_PROPERTIES  Serial0  
80  18:00:42  SUCCESS  
81  18:00:42  RWM_Diagnose.ex  IOCTL_SERIAL_GET_MODEMSTATUS  Serial0  
81  18:00:42  SUCCESS  
82  18:00:42  RWM_Diagnose.ex  IOCTL_SERIAL_GET_BAUD_RATE  Serial0  
82  18:00:42  SUCCESS  
83  18:00:42  RWM_Diagnose.ex  IOCTL_SERIAL_GET_LINE_CONTROL  Serial0  
83  18:00:42  SUCCESS  
84  18:00:42  RWM_Diagnose.ex  IOCTL_SERIAL_GET_CHARS  Serial0  
84  18:00:42  SUCCESS  
85  18:00:42  RWM_Diagnose.ex  IOCTL_SERIAL_GET_HANDFLOW  Serial0  
85  18:00:42  SUCCESS  
86  18:00:42  RWM_Diagnose.ex  IOCTL_SERIAL_GET_BAUD_RATE  Serial0  
86  18:00:42  SUCCESS  
87  18:00:42  RWM_Diagnose.ex  IOCTL_SERIAL_GET_LINE_CONTROL  Serial0  
87  18:00:42  SUCCESS  
88  18:00:42  RWM_Diagnose.ex  IOCTL_SERIAL_GET_CHARS  Serial0  
88  18:00:42  SUCCESS  
89  18:00:42  RWM_Diagnose.ex  IOCTL_SERIAL_GET_HANDFLOW  Serial0  
89  18:00:42  SUCCESS  
90  18:00:42  RWM_Diagnose.ex  IOCTL_SERIAL_SET_BAUD_RATE  Serial0  Rate: 9600
90  18:00:42  SUCCESS  
91  18:00:42  RWM_Diagnose.ex  IOCTL_SERIAL_CLR_RTS  Serial0  
91  18:00:42  SUCCESS  
92  18:00:42  RWM_Diagnose.ex  IOCTL_SERIAL_CLR_DTR  Serial0  
92  18:00:42  SUCCESS  
93  18:00:42  RWM_Diagnose.ex  IOCTL_SERIAL_SET_LINE_CONTROL  Serial0  StopBits: 1 Parity: NONE WordLength: 8
93  18:00:42  SUCCESS  
94  18:00:42  RWM_Diagnose.ex  IOCTL_SERIAL_SET_CHAR  Serial0  EOF:1a ERR:0 BRK:0 EVT:1a XON:11 XOFF:13
94  18:00:42  SUCCESS  
95  18:00:42  RWM_Diagnose.ex  IOCTL_SERIAL_SET_HANDFLOW  Serial0  Shake:0 Replace:0 XonLimit:1024 XoffLimit:1024
95  18:00:42  SUCCESS  
96  18:00:42  RWM_Diagnose.ex  IOCTL_SERIAL_GET_BAUD_RATE  Serial0  
96  18:00:42  SUCCESS  
97  18:00:42  RWM_Diagnose.ex  IOCTL_SERIAL_GET_LINE_CONTROL  Serial0  
97  18:00:42  SUCCESS  
98  18:00:42  RWM_Diagnose.ex  IOCTL_SERIAL_GET_CHARS  Serial0  
98  18:00:42  SUCCESS  
99  18:00:42  RWM_Diagnose.ex  IOCTL_SERIAL_GET_HANDFLOW  Serial0  
99  18:00:42  SUCCESS  
100  18:00:42  RWM_Diagnose.ex  IOCTL_SERIAL_SET_BAUD_RATE  Serial0  Rate: 9600
100  18:00:42  SUCCESS  
101  18:00:42  RWM_Diagnose.ex  IOCTL_SERIAL_CLR_RTS  Serial0  
101  18:00:42  SUCCESS  
102  18:00:42  RWM_Diagnose.ex  IOCTL_SERIAL_CLR_DTR  Serial0  
102  18:00:42  SUCCESS  
103  18:00:42  RWM_Diagnose.ex  IOCTL_SERIAL_SET_LINE_CONTROL  Serial0  StopBits: 1 Parity: NONE WordLength: 8
103  18:00:42  SUCCESS  
104  18:00:42  RWM_Diagnose.ex  IOCTL_SERIAL_SET_CHAR  Serial0  EOF:1a ERR:0 BRK:0 EVT:1a XON:11 XOFF:13
104  18:00:42  SUCCESS  
105  18:00:42  RWM_Diagnose.ex  IOCTL_SERIAL_SET_HANDFLOW  Serial0  Shake:0 Replace:0 XonLimit:1024 XoffLimit:1024
105  18:00:42  SUCCESS  
106  18:00:42  RWM_Diagnose.ex  IOCTL_SERIAL_CLR_DTR  Serial0  
106  18:00:42  SUCCESS  
107  18:00:42  RWM_Diagnose.ex  IOCTL_SERIAL_SET_TIMEOUTS  Serial0  RI:-1 RM:-1 RC:500 WM:0 WC:500
107  18:00:42  SUCCESS  
108  18:00:42  RWM_Diagnose.ex  IOCTL_SERIAL_SET_WAIT_MASK  Serial0  Mask: RXCHAR RXFLAG CTS DSR RLSD BRK ERR RING 
108  18:00:42  SUCCESS  
109  18:00:42  RWM_Diagnose.ex  IOCTL_SERIAL_WAIT_ON_MASK  Serial0  
110  18:00:42  RWM_Diagnose.ex  IOCTL_SERIAL_SET_QUEUE_SIZE  Serial0  InSize: 4096 OutSize: 2048
110  18:00:42  SUCCESS  

*** Read-out smoke detector ***

111  18:00:49  RWM_Diagnose.ex  IRP_MJ_WRITE  Serial0  Length 11: ..01TESTA1.
111  18:00:49  SUCCESS  
109  18:00:42  SUCCESS  
112  18:00:49  RWM_Diagnose.ex  IOCTL_SERIAL_WAIT_ON_MASK  Serial0  
113  18:00:49  RWM_Diagnose.ex  IOCTL_SERIAL_GET_COMMSTATUS  Serial0  
113  18:00:49  SUCCESS  
114  18:00:49  RWM_Diagnose.ex  IRP_MJ_READ  Serial0  Length 4096
114  18:00:49  SUCCESS  Length 1: .
115  18:00:49  RWM_Diagnose.ex  IRP_MJ_WRITE  Serial0  Length 12: .DA:B1DB:05.
115  18:00:49  SUCCESS  
112  18:00:49  SUCCESS  
116  18:00:49  RWM_Diagnose.ex  IOCTL_SERIAL_WAIT_ON_MASK  Serial0  
117  18:00:49  RWM_Diagnose.ex  IOCTL_SERIAL_GET_COMMSTATUS  Serial0  
117  18:00:49  SUCCESS  
118  18:00:49  RWM_Diagnose.ex  IRP_MJ_READ  Serial0  Length 4096
118  18:00:49  SUCCESS  Length 1: .
116  18:00:49  SUCCESS  
119  18:00:55  RWM_Diagnose.ex  IOCTL_SERIAL_WAIT_ON_MASK  Serial0  
119  18:00:55  SUCCESS  
120  18:00:55  RWM_Diagnose.ex  IOCTL_SERIAL_WAIT_ON_MASK  Serial0  
121  18:00:55  RWM_Diagnose.ex  IOCTL_SERIAL_GET_COMMSTATUS  Serial0  
121  18:00:55  SUCCESS  
122  18:00:55  RWM_Diagnose.ex  IRP_MJ_READ  Serial0  Length 4096
122  18:00:55  SUCCESS  Length 8: .Timeout
123  18:00:55  RWM_Diagnose.ex  IOCTL_SERIAL_GET_COMMSTATUS  Serial0  
123  18:00:55  SUCCESS  
120  18:00:55  SUCCESS  
124  18:00:55  RWM_Diagnose.ex  IOCTL_SERIAL_WAIT_ON_MASK  Serial0  
125  18:00:55  RWM_Diagnose.ex  IOCTL_SERIAL_GET_COMMSTATUS  Serial0  
125  18:00:55  SUCCESS  
126  18:00:55  RWM_Diagnose.ex  IRP_MJ_READ  Serial0  Length 4096
126  18:00:55  SUCCESS  Length 1: .
127  18:00:56  RWM_Diagnose.ex  IRP_MJ_WRITE  Serial0  Length 9: .SD:B1DB.
127  18:00:56  SUCCESS  
124  18:00:55  SUCCESS  
128  18:00:56  RWM_Diagnose.ex  IOCTL_SERIAL_WAIT_ON_MASK  Serial0  
129  18:00:56  RWM_Diagnose.ex  IOCTL_SERIAL_GET_COMMSTATUS  Serial0  
129  18:00:56  SUCCESS  
130  18:00:56  RWM_Diagnose.ex  IRP_MJ_READ  Serial0  Length 4096
130  18:00:56  SUCCESS  Length 1: .
128  18:00:56  SUCCESS  
131  18:01:35  RWM_Diagnose.ex  IOCTL_SERIAL_WAIT_ON_MASK  Serial0  
131  18:01:35  SUCCESS  
132  18:01:35  RWM_Diagnose.ex  IOCTL_SERIAL_WAIT_ON_MASK  Serial0  
133  18:01:35  RWM_Diagnose.ex  IOCTL_SERIAL_GET_COMMSTATUS  Serial0  
133  18:01:35  SUCCESS  
134  18:01:35  RWM_Diagnose.ex  IRP_MJ_READ  Serial0  Length 4096
134  18:01:35  SUCCESS  Length 5: .REC.
135  18:01:35  RWM_Diagnose.ex  IOCTL_SERIAL_GET_COMMSTATUS  Serial0  
135  18:01:35  SUCCESS  
132  18:01:35  SUCCESS  
136  18:01:38  RWM_Diagnose.ex  IOCTL_SERIAL_WAIT_ON_MASK  Serial0  
136  18:01:38  SUCCESS  
137  18:01:38  RWM_Diagnose.ex  IOCTL_SERIAL_WAIT_ON_MASK  Serial0  
138  18:01:38  RWM_Diagnose.ex  IOCTL_SERIAL_GET_COMMSTATUS  Serial0  
138  18:01:38  SUCCESS  
139  18:01:38  RWM_Diagnose.ex  IRP_MJ_READ  Serial0  Length 4096
139  18:01:38  SUCCESS  Length 6: .Done.
140  18:01:38  RWM_Diagnose.ex  IRP_MJ_WRITE  Serial0  Length 12: .DA:B1DB:01.
140  18:01:38  SUCCESS  
141  18:01:38  RWM_Diagnose.ex  IOCTL_SERIAL_GET_COMMSTATUS  Serial0  
141  18:01:38  SUCCESS  
137  18:01:38  SUCCESS  
142  18:01:38  RWM_Diagnose.ex  IOCTL_SERIAL_WAIT_ON_MASK  Serial0  
143  18:01:38  RWM_Diagnose.ex  IOCTL_SERIAL_GET_COMMSTATUS  Serial0  
143  18:01:38  SUCCESS  
144  18:01:38  RWM_Diagnose.ex  IRP_MJ_READ  Serial0  Length 4096
144  18:01:38  SUCCESS  Length 1: .
142  18:01:38  SUCCESS  
145  18:01:41  RWM_Diagnose.ex  IOCTL_SERIAL_WAIT_ON_MASK  Serial0  
145  18:01:41  SUCCESS  
146  18:01:41  RWM_Diagnose.ex  IOCTL_SERIAL_WAIT_ON_MASK  Serial0  
147  18:01:41  RWM_Diagnose.ex  IOCTL_SERIAL_GET_COMMSTATUS  Serial0  
147  18:01:41  SUCCESS  
148  18:01:41  RWM_Diagnose.ex  IRP_MJ_READ  Serial0  Length 4096
148  18:01:41  SUCCESS  Length 8: .0001:14
149  18:01:41  RWM_Diagnose.ex  IOCTL_SERIAL_GET_COMMSTATUS  Serial0  
149  18:01:41  SUCCESS  
146  18:01:41  SUCCESS  
150  18:01:41  RWM_Diagnose.ex  IOCTL_SERIAL_WAIT_ON_MASK  Serial0  
150  18:01:41  SUCCESS  
151  18:01:41  RWM_Diagnose.ex  IOCTL_SERIAL_WAIT_ON_MASK  Serial0  
152  18:01:41  RWM_Diagnose.ex  IOCTL_SERIAL_GET_COMMSTATUS  Serial0  
152  18:01:41  SUCCESS  
153  18:01:41  RWM_Diagnose.ex  IRP_MJ_READ  Serial0  Length 4096
153  18:01:41  SUCCESS  Length 8: 0622D7..
154  18:01:41  RWM_Diagnose.ex  IOCTL_SERIAL_GET_COMMSTATUS  Serial0  
154  18:01:41  SUCCESS  
151  18:01:41  SUCCESS  
155  18:01:41  RWM_Diagnose.ex  IOCTL_SERIAL_WAIT_ON_MASK  Serial0  
155  18:01:41  SUCCESS  
156  18:01:41  RWM_Diagnose.ex  IOCTL_SERIAL_GET_COMMSTATUS  Serial0  
156  18:01:41  SUCCESS  
157  18:01:41  RWM_Diagnose.ex  IRP_MJ_READ  Serial0  Length 4096
157  18:01:41  SUCCESS  Length 8: .0002:01
158  18:01:41  RWM_Diagnose.ex  IOCTL_SERIAL_WAIT_ON_MASK  Serial0  
159  18:01:41  RWM_Diagnose.ex  IOCTL_SERIAL_GET_COMMSTATUS  Serial0  
159  18:01:41  SUCCESS  
158  18:01:41  SUCCESS  
160  18:01:41  RWM_Diagnose.ex  IOCTL_SERIAL_WAIT_ON_MASK  Serial0  
160  18:01:41  SUCCESS  
161  18:01:41  RWM_Diagnose.ex  IOCTL_SERIAL_WAIT_ON_MASK  Serial0  
162  18:01:41  RWM_Diagnose.ex  IOCTL_SERIAL_GET_COMMSTATUS  Serial0  
162  18:01:41  SUCCESS  
163  18:01:41  RWM_Diagnose.ex  IRP_MJ_READ  Serial0  Length 4096
163  18:01:41  SUCCESS  Length 8: 420136..
164  18:01:41  RWM_Diagnose.ex  IOCTL_SERIAL_GET_COMMSTATUS  Serial0  
164  18:01:41  SUCCESS  
161  18:01:41  SUCCESS  
165  18:01:41  RWM_Diagnose.ex  IOCTL_SERIAL_WAIT_ON_MASK  Serial0  
165  18:01:41  SUCCESS  
166  18:01:41  RWM_Diagnose.ex  IOCTL_SERIAL_WAIT_ON_MASK  Serial0  
167  18:01:41  RWM_Diagnose.ex  IOCTL_SERIAL_GET_COMMSTATUS  Serial0  
167  18:01:41  SUCCESS  
168  18:01:41  RWM_Diagnose.ex  IRP_MJ_READ  Serial0  Length 4096
168  18:01:41  SUCCESS  Length 8: .0003:01
169  18:01:41  RWM_Diagnose.ex  IOCTL_SERIAL_GET_COMMSTATUS  Serial0  
169  18:01:41  SUCCESS  
166  18:01:41  SUCCESS  
170  18:01:41  RWM_Diagnose.ex  IOCTL_SERIAL_WAIT_ON_MASK  Serial0  
170  18:01:41  SUCCESS  
171  18:01:41  RWM_Diagnose.ex  IOCTL_SERIAL_GET_COMMSTATUS  Serial0  
171  18:01:41  SUCCESS  
172  18:01:41  RWM_Diagnose.ex  IRP_MJ_READ  Serial0  Length 4096
172  18:01:41  SUCCESS  Length 8: 2BF9ED..
173  18:01:41  RWM_Diagnose.ex  IOCTL_SERIAL_WAIT_ON_MASK  Serial0  
174  18:01:41  RWM_Diagnose.ex  IOCTL_SERIAL_GET_COMMSTATUS  Serial0  
174  18:01:41  SUCCESS  
173  18:01:41  SUCCESS  
175  18:01:41  RWM_Diagnose.ex  IOCTL_SERIAL_WAIT_ON_MASK  Serial0  
175  18:01:41  SUCCESS  
176  18:01:41  RWM_Diagnose.ex  IOCTL_SERIAL_WAIT_ON_MASK  Serial0  
177  18:01:41  RWM_Diagnose.ex  IOCTL_SERIAL_GET_COMMSTATUS  Serial0  
177  18:01:41  SUCCESS  
178  18:01:41  RWM_Diagnose.ex  IRP_MJ_READ  Serial0  Length 4096
178  18:01:41  SUCCESS  Length 8: .0004:00
179  18:01:41  RWM_Diagnose.ex  IOCTL_SERIAL_GET_COMMSTATUS  Serial0  
179  18:01:41  SUCCESS  
176  18:01:41  SUCCESS  
180  18:01:41  RWM_Diagnose.ex  IOCTL_SERIAL_WAIT_ON_MASK  Serial0  
180  18:01:41  SUCCESS  
181  18:01:41  RWM_Diagnose.ex  IOCTL_SERIAL_WAIT_ON_MASK  Serial0  
182  18:01:41  RWM_Diagnose.ex  IOCTL_SERIAL_GET_COMMSTATUS  Serial0  
182  18:01:41  SUCCESS  
183  18:01:41  RWM_Diagnose.ex  IRP_MJ_READ  Serial0  Length 4096
183  18:01:41  SUCCESS  Length 8: 7C0000..
184  18:01:41  RWM_Diagnose.ex  IOCTL_SERIAL_GET_COMMSTATUS  Serial0  
184  18:01:41  SUCCESS  
181  18:01:41  SUCCESS  
185  18:01:41  RWM_Diagnose.ex  IOCTL_SERIAL_WAIT_ON_MASK  Serial0  
185  18:01:41  SUCCESS  
186  18:01:41  RWM_Diagnose.ex  IOCTL_SERIAL_GET_COMMSTATUS  Serial0  
186  18:01:41  SUCCESS  
187  18:01:41  RWM_Diagnose.ex  IRP_MJ_READ  Serial0  Length 4096
187  18:01:41  SUCCESS  Length 8: .0005:01
188  18:01:41  RWM_Diagnose.ex  IOCTL_SERIAL_WAIT_ON_MASK  Serial0  
189  18:01:41  RWM_Diagnose.ex  IOCTL_SERIAL_GET_COMMSTATUS  Serial0  
189  18:01:41  SUCCESS  
188  18:01:41  SUCCESS  
190  18:01:41  RWM_Diagnose.ex  IOCTL_SERIAL_WAIT_ON_MASK  Serial0  
190  18:01:41  SUCCESS  
191  18:01:41  RWM_Diagnose.ex  IOCTL_SERIAL_WAIT_ON_MASK  Serial0  
192  18:01:41  RWM_Diagnose.ex  IOCTL_SERIAL_GET_COMMSTATUS  Serial0  
192  18:01:41  SUCCESS  
193  18:01:41  RWM_Diagnose.ex  IRP_MJ_READ  Serial0  Length 4096
193  18:01:41  SUCCESS  Length 8: CB5756..
194  18:01:41  RWM_Diagnose.ex  IOCTL_SERIAL_GET_COMMSTATUS  Serial0  
194  18:01:41  SUCCESS  
191  18:01:41  SUCCESS  
195  18:01:41  RWM_Diagnose.ex  IOCTL_SERIAL_WAIT_ON_MASK  Serial0  
195  18:01:41  SUCCESS  
196  18:01:41  RWM_Diagnose.ex  IOCTL_SERIAL_WAIT_ON_MASK  Serial0  
197  18:01:41  RWM_Diagnose.ex  IOCTL_SERIAL_GET_COMMSTATUS  Serial0  
197  18:01:41  SUCCESS  
198  18:01:41  RWM_Diagnose.ex  IRP_MJ_READ  Serial0  Length 4096
198  18:01:41  SUCCESS  Length 9: .0006:000
199  18:01:41  RWM_Diagnose.ex  IOCTL_SERIAL_GET_COMMSTATUS  Serial0  
199  18:01:41  SUCCESS  
196  18:01:41  SUCCESS  
200  18:01:41  RWM_Diagnose.ex  IOCTL_SERIAL_WAIT_ON_MASK  Serial0  
200  18:01:41  SUCCESS  
201  18:01:41  RWM_Diagnose.ex  IOCTL_SERIAL_GET_COMMSTATUS  Serial0  
201  18:01:41  SUCCESS  
202  18:01:41  RWM_Diagnose.ex  IRP_MJ_READ  Serial0  Length 4096
202  18:01:41  SUCCESS  Length 7: 00000..
203  18:01:41  RWM_Diagnose.ex  IOCTL_SERIAL_WAIT_ON_MASK  Serial0  
204  18:01:41  RWM_Diagnose.ex  IOCTL_SERIAL_GET_COMMSTATUS  Serial0  
204  18:01:41  SUCCESS  
203  18:01:41  SUCCESS  
205  18:01:42  RWM_Diagnose.ex  IOCTL_SERIAL_WAIT_ON_MASK  Serial0  
205  18:01:42  SUCCESS  
206  18:01:42  RWM_Diagnose.ex  IOCTL_SERIAL_WAIT_ON_MASK  Serial0  
207  18:01:42  RWM_Diagnose.ex  IOCTL_SERIAL_GET_COMMSTATUS  Serial0  
207  18:01:42  SUCCESS  
208  18:01:42  RWM_Diagnose.ex  IRP_MJ_READ  Serial0  Length 4096
208  18:01:42  SUCCESS  Length 8: .0007:00
209  18:01:42  RWM_Diagnose.ex  IOCTL_SERIAL_GET_COMMSTATUS  Serial0  
209  18:01:42  SUCCESS  
206  18:01:42  SUCCESS  
210  18:01:42  RWM_Diagnose.ex  IOCTL_SERIAL_WAIT_ON_MASK  Serial0  
210  18:01:42  SUCCESS  
211  18:01:42  RWM_Diagnose.ex  IOCTL_SERIAL_WAIT_ON_MASK  Serial0  
212  18:01:42  RWM_Diagnose.ex  IOCTL_SERIAL_GET_COMMSTATUS  Serial0  
212  18:01:42  SUCCESS  
213  18:01:42  RWM_Diagnose.ex  IRP_MJ_READ  Serial0  Length 4096
213  18:01:42  SUCCESS  Length 8: 000000..
214  18:01:42  RWM_Diagnose.ex  IOCTL_SERIAL_GET_COMMSTATUS  Serial0  
214  18:01:42  SUCCESS  
211  18:01:42  SUCCESS  
215  18:01:42  RWM_Diagnose.ex  IOCTL_SERIAL_WAIT_ON_MASK  Serial0  
215  18:01:42  SUCCESS  
216  18:01:42  RWM_Diagnose.ex  IOCTL_SERIAL_GET_COMMSTATUS  Serial0  
216  18:01:42  SUCCESS  
217  18:01:42  RWM_Diagnose.ex  IRP_MJ_READ  Serial0  Length 4096
217  18:01:42  SUCCESS  Length 8: .0014:FF
218  18:01:42  RWM_Diagnose.ex  IOCTL_SERIAL_WAIT_ON_MASK  Serial0  
219  18:01:42  RWM_Diagnose.ex  IOCTL_SERIAL_GET_COMMSTATUS  Serial0  
219  18:01:42  SUCCESS  
218  18:01:42  SUCCESS  
220  18:01:42  RWM_Diagnose.ex  IOCTL_SERIAL_WAIT_ON_MASK  Serial0  
220  18:01:42  SUCCESS  
221  18:01:42  RWM_Diagnose.ex  IOCTL_SERIAL_WAIT_ON_MASK  Serial0  
222  18:01:42  RWM_Diagnose.ex  IOCTL_SERIAL_GET_COMMSTATUS  Serial0  
222  18:01:42  SUCCESS  
223  18:01:42  RWM_Diagnose.ex  IRP_MJ_READ  Serial0  Length 4096
223  18:01:42  SUCCESS  Length 8: FFFFFF..
224  18:01:42  RWM_Diagnose.ex  IOCTL_SERIAL_GET_COMMSTATUS  Serial0  
224  18:01:42  SUCCESS  
221  18:01:42  SUCCESS  
225  18:01:42  RWM_Diagnose.ex  IOCTL_SERIAL_WAIT_ON_MASK  Serial0  
225  18:01:42  SUCCESS  
226  18:01:42  RWM_Diagnose.ex  IOCTL_SERIAL_GET_COMMSTATUS  Serial0  
226  18:01:42  SUCCESS  
227  18:01:42  RWM_Diagnose.ex  IRP_MJ_READ  Serial0  Length 4096
227  18:01:42  SUCCESS  Length 8: .0015:FF
228  18:01:42  RWM_Diagnose.ex  IOCTL_SERIAL_WAIT_ON_MASK  Serial0  
229  18:01:42  RWM_Diagnose.ex  IOCTL_SERIAL_GET_COMMSTATUS  Serial0  
229  18:01:42  SUCCESS  
228  18:01:42  SUCCESS  
230  18:01:42  RWM_Diagnose.ex  IOCTL_SERIAL_WAIT_ON_MASK  Serial0  
230  18:01:42  SUCCESS  
231  18:01:42  RWM_Diagnose.ex  IOCTL_SERIAL_WAIT_ON_MASK  Serial0  
232  18:01:42  RWM_Diagnose.ex  IOCTL_SERIAL_GET_COMMSTATUS  Serial0  
232  18:01:42  SUCCESS  
233  18:01:42  RWM_Diagnose.ex  IRP_MJ_READ  Serial0  Length 4096
233  18:01:42  SUCCESS  Length 8: FFFFFF..
234  18:01:42  RWM_Diagnose.ex  IOCTL_SERIAL_GET_COMMSTATUS  Serial0  
234  18:01:42  SUCCESS  
231  18:01:42  SUCCESS  
235  18:01:42  RWM_Diagnose.ex  IOCTL_SERIAL_WAIT_ON_MASK  Serial0  
235  18:01:42  SUCCESS  
236  18:01:42  RWM_Diagnose.ex  IOCTL_SERIAL_WAIT_ON_MASK  Serial0  
237  18:01:42  RWM_Diagnose.ex  IOCTL_SERIAL_GET_COMMSTATUS  Serial0  
237  18:01:42  SUCCESS  
238  18:01:42  RWM_Diagnose.ex  IRP_MJ_READ  Serial0  Length 4096
238  18:01:42  SUCCESS  Length 8: .0016:FF
239  18:01:42  RWM_Diagnose.ex  IOCTL_SERIAL_GET_COMMSTATUS  Serial0  
239  18:01:42  SUCCESS  
236  18:01:42  SUCCESS  
240  18:01:42  RWM_Diagnose.ex  IOCTL_SERIAL_WAIT_ON_MASK  Serial0  
240  18:01:42  SUCCESS  
241  18:01:42  RWM_Diagnose.ex  IOCTL_SERIAL_WAIT_ON_MASK  Serial0  
242  18:01:42  RWM_Diagnose.ex  IOCTL_SERIAL_GET_COMMSTATUS  Serial0  
242  18:01:42  SUCCESS  
243  18:01:42  RWM_Diagnose.ex  IRP_MJ_READ  Serial0  Length 4096
243  18:01:42  SUCCESS  Length 8: FFFFFF..
244  18:01:42  RWM_Diagnose.ex  IOCTL_SERIAL_GET_COMMSTATUS  Serial0  
244  18:01:42  SUCCESS  
241  18:01:42  SUCCESS  
245  18:01:42  RWM_Diagnose.ex  IOCTL_SERIAL_WAIT_ON_MASK  Serial0  
245  18:01:42  SUCCESS  
246  18:01:42  RWM_Diagnose.ex  IOCTL_SERIAL_WAIT_ON_MASK  Serial0  
247  18:01:42  RWM_Diagnose.ex  IOCTL_SERIAL_GET_COMMSTATUS  Serial0  
247  18:01:42  SUCCESS  
248  18:01:42  RWM_Diagnose.ex  IRP_MJ_READ  Serial0  Length 4096
248  18:01:42  SUCCESS  Length 8: .0017:FF
249  18:01:42  RWM_Diagnose.ex  IOCTL_SERIAL_GET_COMMSTATUS  Serial0  
249  18:01:42  SUCCESS  
246  18:01:42  SUCCESS  
250  18:01:42  RWM_Diagnose.ex  IOCTL_SERIAL_WAIT_ON_MASK  Serial0  
250  18:01:42  SUCCESS  
251  18:01:42  RWM_Diagnose.ex  IOCTL_SERIAL_WAIT_ON_MASK  Serial0  
252  18:01:42  RWM_Diagnose.ex  IOCTL_SERIAL_GET_COMMSTATUS  Serial0  
252  18:01:42  SUCCESS  
253  18:01:42  RWM_Diagnose.ex  IRP_MJ_READ  Serial0  Length 4096
253  18:01:42  SUCCESS  Length 8: FFFFFF..
254  18:01:42  RWM_Diagnose.ex  IOCTL_SERIAL_GET_COMMSTATUS  Serial0  
254  18:01:42  SUCCESS  
251  18:01:42  SUCCESS  
255  18:01:42  RWM_Diagnose.ex  IOCTL_SERIAL_WAIT_ON_MASK  Serial0  
255  18:01:42  SUCCESS  
256  18:01:42  RWM_Diagnose.ex  IOCTL_SERIAL_WAIT_ON_MASK  Serial0  
257  18:01:42  RWM_Diagnose.ex  IOCTL_SERIAL_GET_COMMSTATUS  Serial0  
257  18:01:42  SUCCESS  
258  18:01:42  RWM_Diagnose.ex  IRP_MJ_READ  Serial0  Length 4096
258  18:01:42  SUCCESS  Length 8: .0018:FF
259  18:01:42  RWM_Diagnose.ex  IOCTL_SERIAL_GET_COMMSTATUS  Serial0  
259  18:01:42  SUCCESS  
256  18:01:42  SUCCESS  
260  18:01:42  RWM_Diagnose.ex  IOCTL_SERIAL_WAIT_ON_MASK  Serial0  
260  18:01:42  SUCCESS  
261  18:01:42  RWM_Diagnose.ex  IOCTL_SERIAL_WAIT_ON_MASK  Serial0  
262  18:01:42  RWM_Diagnose.ex  IOCTL_SERIAL_GET_COMMSTATUS  Serial0  
262  18:01:42  SUCCESS  
263  18:01:42  RWM_Diagnose.ex  IRP_MJ_READ  Serial0  Length 4096
263  18:01:42  SUCCESS  Length 8: FFFFFF..
264  18:01:42  RWM_Diagnose.ex  IOCTL_SERIAL_GET_COMMSTATUS  Serial0  
264  18:01:42  SUCCESS  
261  18:01:42  SUCCESS  
265  18:01:42  RWM_Diagnose.ex  IOCTL_SERIAL_WAIT_ON_MASK  Serial0  
265  18:01:42  SUCCESS  
266  18:01:42  RWM_Diagnose.ex  IOCTL_SERIAL_WAIT_ON_MASK  Serial0  
267  18:01:42  RWM_Diagnose.ex  IOCTL_SERIAL_GET_COMMSTATUS  Serial0  
267  18:01:42  SUCCESS  
268  18:01:42  RWM_Diagnose.ex  IRP_MJ_READ  Serial0  Length 4096
268  18:01:42  SUCCESS  Length 8: .0019:FF
269  18:01:42  RWM_Diagnose.ex  IOCTL_SERIAL_GET_COMMSTATUS  Serial0  
269  18:01:42  SUCCESS  
266  18:01:42  SUCCESS  
270  18:01:42  RWM_Diagnose.ex  IOCTL_SERIAL_WAIT_ON_MASK  Serial0  
270  18:01:42  SUCCESS  
271  18:01:42  RWM_Diagnose.ex  IOCTL_SERIAL_WAIT_ON_MASK  Serial0  
272  18:01:42  RWM_Diagnose.ex  IOCTL_SERIAL_GET_COMMSTATUS  Serial0  
272  18:01:42  SUCCESS  
273  18:01:42  RWM_Diagnose.ex  IRP_MJ_READ  Serial0  Length 4096
273  18:01:42  SUCCESS  Length 8: FFFFFF..
274  18:01:42  RWM_Diagnose.ex  IOCTL_SERIAL_GET_COMMSTATUS  Serial0  
274  18:01:42  SUCCESS  
271  18:01:42  SUCCESS  
275  18:01:42  RWM_Diagnose.ex  IOCTL_SERIAL_WAIT_ON_MASK  Serial0  
275  18:01:42  SUCCESS  
276  18:01:42  RWM_Diagnose.ex  IOCTL_SERIAL_WAIT_ON_MASK  Serial0  
277  18:01:42  RWM_Diagnose.ex  IOCTL_SERIAL_GET_COMMSTATUS  Serial0  
277  18:01:42  SUCCESS  
278  18:01:42  RWM_Diagnose.ex  IRP_MJ_READ  Serial0  Length 4096
278  18:01:42  SUCCESS  Length 8: .001A:FF
279  18:01:42  RWM_Diagnose.ex  IOCTL_SERIAL_GET_COMMSTATUS  Serial0  
279  18:01:42  SUCCESS  
276  18:01:42  SUCCESS  
280  18:01:42  RWM_Diagnose.ex  IOCTL_SERIAL_WAIT_ON_MASK  Serial0  
280  18:01:42  SUCCESS  
281  18:01:42  RWM_Diagnose.ex  IOCTL_SERIAL_WAIT_ON_MASK  Serial0  
282  18:01:42  RWM_Diagnose.ex  IOCTL_SERIAL_GET_COMMSTATUS  Serial0  
282  18:01:42  SUCCESS  
283  18:01:42  RWM_Diagnose.ex  IRP_MJ_READ  Serial0  Length 4096
283  18:01:42  SUCCESS  Length 8: FFFFFF..
284  18:01:42  RWM_Diagnose.ex  IOCTL_SERIAL_GET_COMMSTATUS  Serial0  
284  18:01:42  SUCCESS  
281  18:01:42  SUCCESS  
285  18:01:42  RWM_Diagnose.ex  IOCTL_SERIAL_WAIT_ON_MASK  Serial0  
285  18:01:42  SUCCESS  
286  18:01:42  RWM_Diagnose.ex  IOCTL_SERIAL_WAIT_ON_MASK  Serial0  
287  18:01:42  RWM_Diagnose.ex  IOCTL_SERIAL_GET_COMMSTATUS  Serial0  
287  18:01:42  SUCCESS  
288  18:01:42  RWM_Diagnose.ex  IRP_MJ_READ  Serial0  Length 4096
288  18:01:42  SUCCESS  Length 8: .001B:FF
289  18:01:42  RWM_Diagnose.ex  IOCTL_SERIAL_GET_COMMSTATUS  Serial0  
289  18:01:42  SUCCESS  
286  18:01:42  SUCCESS  
290  18:01:42  RWM_Diagnose.ex  IOCTL_SERIAL_WAIT_ON_MASK  Serial0  
290  18:01:42  SUCCESS  
291  18:01:42  RWM_Diagnose.ex  IOCTL_SERIAL_WAIT_ON_MASK  Serial0  
292  18:01:42  RWM_Diagnose.ex  IOCTL_SERIAL_GET_COMMSTATUS  Serial0  
292  18:01:42  SUCCESS  
293  18:01:42  RWM_Diagnose.ex  IRP_MJ_READ  Serial0  Length 4096
293  18:01:42  SUCCESS  Length 8: FFFFFF..
294  18:01:42  RWM_Diagnose.ex  IOCTL_SERIAL_GET_COMMSTATUS  Serial0  
294  18:01:42  SUCCESS  
291  18:01:42  SUCCESS  
295  18:01:43  RWM_Diagnose.ex  IOCTL_SERIAL_WAIT_ON_MASK  Serial0  
295  18:01:43  SUCCESS  
296  18:01:43  RWM_Diagnose.ex  IOCTL_SERIAL_WAIT_ON_MASK  Serial0  
297  18:01:43  RWM_Diagnose.ex  IOCTL_SERIAL_GET_COMMSTATUS  Serial0  
297  18:01:43  SUCCESS  
298  18:01:43  RWM_Diagnose.ex  IRP_MJ_READ  Serial0  Length 4096
298  18:01:43  SUCCESS  Length 8: .001C:FF
299  18:01:43  RWM_Diagnose.ex  IOCTL_SERIAL_GET_COMMSTATUS  Serial0  
299  18:01:43  SUCCESS  
296  18:01:43  SUCCESS  
300  18:01:43  RWM_Diagnose.ex  IOCTL_SERIAL_WAIT_ON_MASK  Serial0  
300  18:01:43  SUCCESS  
301  18:01:43  RWM_Diagnose.ex  IOCTL_SERIAL_WAIT_ON_MASK  Serial0  
302  18:01:43  RWM_Diagnose.ex  IOCTL_SERIAL_GET_COMMSTATUS  Serial0  
302  18:01:43  SUCCESS  
303  18:01:43  RWM_Diagnose.ex  IRP_MJ_READ  Serial0  Length 4096
303  18:01:43  SUCCESS  Length 8: FFFFFF..
304  18:01:43  RWM_Diagnose.ex  IOCTL_SERIAL_GET_COMMSTATUS  Serial0  
304  18:01:43  SUCCESS  
301  18:01:43  SUCCESS  
305  18:01:43  RWM_Diagnose.ex  IOCTL_SERIAL_WAIT_ON_MASK  Serial0  
305  18:01:43  SUCCESS  
306  18:01:43  RWM_Diagnose.ex  IOCTL_SERIAL_WAIT_ON_MASK  Serial0  
307  18:01:43  RWM_Diagnose.ex  IOCTL_SERIAL_GET_COMMSTATUS  Serial0  
307  18:01:43  SUCCESS  
308  18:01:43  RWM_Diagnose.ex  IRP_MJ_READ  Serial0  Length 4096
308  18:01:43  SUCCESS  Length 8: .001D:FF
309  18:01:43  RWM_Diagnose.ex  IOCTL_SERIAL_GET_COMMSTATUS  Serial0  
309  18:01:43  SUCCESS  
306  18:01:43  SUCCESS  
310  18:01:43  RWM_Diagnose.ex  IOCTL_SERIAL_WAIT_ON_MASK  Serial0  
310  18:01:43  SUCCESS  
311  18:01:43  RWM_Diagnose.ex  IOCTL_SERIAL_WAIT_ON_MASK  Serial0  
312  18:01:43  RWM_Diagnose.ex  IOCTL_SERIAL_GET_COMMSTATUS  Serial0  
312  18:01:43  SUCCESS  
313  18:01:43  RWM_Diagnose.ex  IRP_MJ_READ  Serial0  Length 4096
313  18:01:43  SUCCESS  Length 8: FFFFFF..
314  18:01:43  RWM_Diagnose.ex  IOCTL_SERIAL_GET_COMMSTATUS  Serial0  
314  18:01:43  SUCCESS  
311  18:01:43  SUCCESS  
315  18:01:43  RWM_Diagnose.ex  IOCTL_SERIAL_WAIT_ON_MASK  Serial0  
315  18:01:43  SUCCESS  
316  18:01:43  RWM_Diagnose.ex  IOCTL_SERIAL_WAIT_ON_MASK  Serial0  
317  18:01:43  RWM_Diagnose.ex  IOCTL_SERIAL_GET_COMMSTATUS  Serial0  
317  18:01:43  SUCCESS  
318  18:01:43  RWM_Diagnose.ex  IRP_MJ_READ  Serial0  Length 4096
318  18:01:43  SUCCESS  Length 8: .001E:FF
319  18:01:43  RWM_Diagnose.ex  IOCTL_SERIAL_GET_COMMSTATUS  Serial0  
319  18:01:43  SUCCESS  
316  18:01:43  SUCCESS  
320  18:01:43  RWM_Diagnose.ex  IOCTL_SERIAL_WAIT_ON_MASK  Serial0  
320  18:01:43  SUCCESS  
321  18:01:43  RWM_Diagnose.ex  IOCTL_SERIAL_WAIT_ON_MASK  Serial0  
322  18:01:43  RWM_Diagnose.ex  IOCTL_SERIAL_GET_COMMSTATUS  Serial0  
322  18:01:43  SUCCESS  
323  18:01:43  RWM_Diagnose.ex  IRP_MJ_READ  Serial0  Length 4096
323  18:01:43  SUCCESS  Length 8: FFFFFF..
324  18:01:43  RWM_Diagnose.ex  IOCTL_SERIAL_GET_COMMSTATUS  Serial0  
324  18:01:43  SUCCESS  
321  18:01:43  SUCCESS  
325  18:01:43  RWM_Diagnose.ex  IOCTL_SERIAL_WAIT_ON_MASK  Serial0  
325  18:01:43  SUCCESS  
326  18:01:43  RWM_Diagnose.ex  IOCTL_SERIAL_WAIT_ON_MASK  Serial0  
327  18:01:43  RWM_Diagnose.ex  IOCTL_SERIAL_GET_COMMSTATUS  Serial0  
327  18:01:43  SUCCESS  
328  18:01:43  RWM_Diagnose.ex  IRP_MJ_READ  Serial0  Length 4096
328  18:01:43  SUCCESS  Length 8: .001F:FF
329  18:01:43  RWM_Diagnose.ex  IOCTL_SERIAL_GET_COMMSTATUS  Serial0  
329  18:01:43  SUCCESS  
326  18:01:43  SUCCESS  
330  18:01:43  RWM_Diagnose.ex  IOCTL_SERIAL_WAIT_ON_MASK  Serial0  
330  18:01:43  SUCCESS  
331  18:01:43  RWM_Diagnose.ex  IOCTL_SERIAL_WAIT_ON_MASK  Serial0  
332  18:01:43  RWM_Diagnose.ex  IOCTL_SERIAL_GET_COMMSTATUS  Serial0  
332  18:01:43  SUCCESS  
333  18:01:43  RWM_Diagnose.ex  IRP_MJ_READ  Serial0  Length 4096
333  18:01:43  SUCCESS  Length 8: FFFFFF..
334  18:01:43  RWM_Diagnose.ex  IOCTL_SERIAL_GET_COMMSTATUS  Serial0  
334  18:01:43  SUCCESS  
331  18:01:43  SUCCESS  
335  18:01:43  RWM_Diagnose.ex  IOCTL_SERIAL_WAIT_ON_MASK  Serial0  
335  18:01:43  SUCCESS  
336  18:01:43  RWM_Diagnose.ex  IOCTL_SERIAL_WAIT_ON_MASK  Serial0  
337  18:01:43  RWM_Diagnose.ex  IOCTL_SERIAL_GET_COMMSTATUS  Serial0  
337  18:01:43  SUCCESS  
338  18:01:43  RWM_Diagnose.ex  IRP_MJ_READ  Serial0  Length 4096
338  18:01:43  SUCCESS  Length 8: .0020:FF
339  18:01:43  RWM_Diagnose.ex  IOCTL_SERIAL_GET_COMMSTATUS  Serial0  
339  18:01:43  SUCCESS  
336  18:01:43  SUCCESS  
340  18:01:43  RWM_Diagnose.ex  IOCTL_SERIAL_WAIT_ON_MASK  Serial0  
340  18:01:43  SUCCESS  
341  18:01:43  RWM_Diagnose.ex  IOCTL_SERIAL_WAIT_ON_MASK  Serial0  
342  18:01:43  RWM_Diagnose.ex  IOCTL_SERIAL_GET_COMMSTATUS  Serial0  
342  18:01:43  SUCCESS  
343  18:01:43  RWM_Diagnose.ex  IRP_MJ_READ  Serial0  Length 4096
343  18:01:43  SUCCESS  Length 4: FFFF
344  18:01:43  RWM_Diagnose.ex  IOCTL_SERIAL_GET_COMMSTATUS  Serial0  
344  18:01:43  SUCCESS  
341  18:01:43  SUCCESS  
345  18:01:43  RWM_Diagnose.ex  IOCTL_SERIAL_WAIT_ON_MASK  Serial0  
345  18:01:43  SUCCESS  
346  18:01:43  RWM_Diagnose.ex  IOCTL_SERIAL_WAIT_ON_MASK  Serial0  
347  18:01:43  RWM_Diagnose.ex  IOCTL_SERIAL_GET_COMMSTATUS  Serial0  
347  18:01:43  SUCCESS  
348  18:01:43  RWM_Diagnose.ex  IRP_MJ_READ  Serial0  Length 4096
348  18:01:43  SUCCESS  Length 4: FF..
349  18:01:43  RWM_Diagnose.ex  IOCTL_SERIAL_GET_COMMSTATUS  Serial0  
349  18:01:43  SUCCESS  
346  18:01:43  SUCCESS  
350  18:01:43  RWM_Diagnose.ex  IOCTL_SERIAL_WAIT_ON_MASK  Serial0  
350  18:01:43  SUCCESS  
351  18:01:43  RWM_Diagnose.ex  IOCTL_SERIAL_WAIT_ON_MASK  Serial0  
352  18:01:43  RWM_Diagnose.ex  IOCTL_SERIAL_GET_COMMSTATUS  Serial0  
352  18:01:43  SUCCESS  
353  18:01:43  RWM_Diagnose.ex  IRP_MJ_READ  Serial0  Length 4096
353  18:01:43  SUCCESS  Length 8: .0021:FF
354  18:01:43  RWM_Diagnose.ex  IOCTL_SERIAL_GET_COMMSTATUS  Serial0  
354  18:01:43  SUCCESS  
351  18:01:43  SUCCESS  
355  18:01:43  RWM_Diagnose.ex  IOCTL_SERIAL_WAIT_ON_MASK  Serial0  
355  18:01:43  SUCCESS  
356  18:01:43  RWM_Diagnose.ex  IOCTL_SERIAL_WAIT_ON_MASK  Serial0  
357  18:01:43  RWM_Diagnose.ex  IOCTL_SERIAL_GET_COMMSTATUS  Serial0  
357  18:01:43  SUCCESS  
358  18:01:43  RWM_Diagnose.ex  IRP_MJ_READ  Serial0  Length 4096
358  18:01:43  SUCCESS  Length 8: FFFFFF..
359  18:01:43  RWM_Diagnose.ex  IOCTL_SERIAL_GET_COMMSTATUS  Serial0  
359  18:01:43  SUCCESS  
356  18:01:43  SUCCESS  
360  18:01:43  RWM_Diagnose.ex  IOCTL_SERIAL_WAIT_ON_MASK  Serial0  
360  18:01:43  SUCCESS  
361  18:01:43  RWM_Diagnose.ex  IOCTL_SERIAL_WAIT_ON_MASK  Serial0  
362  18:01:43  RWM_Diagnose.ex  IOCTL_SERIAL_GET_COMMSTATUS  Serial0  
362  18:01:43  SUCCESS  
363  18:01:43  RWM_Diagnose.ex  IRP_MJ_READ  Serial0  Length 4096
363  18:01:43  SUCCESS  Length 8: .0022:FF
364  18:01:43  RWM_Diagnose.ex  IOCTL_SERIAL_GET_COMMSTATUS  Serial0  
364  18:01:43  SUCCESS  
361  18:01:43  SUCCESS  
365  18:01:43  RWM_Diagnose.ex  IOCTL_SERIAL_WAIT_ON_MASK  Serial0  
365  18:01:43  SUCCESS  
366  18:01:43  RWM_Diagnose.ex  IOCTL_SERIAL_WAIT_ON_MASK  Serial0  
367  18:01:43  RWM_Diagnose.ex  IOCTL_SERIAL_GET_COMMSTATUS  Serial0  
367  18:01:43  SUCCESS  
368  18:01:43  RWM_Diagnose.ex  IRP_MJ_READ  Serial0  Length 4096
368  18:01:43  SUCCESS  Length 8: FFFFFF..
369  18:01:43  RWM_Diagnose.ex  IOCTL_SERIAL_GET_COMMSTATUS  Serial0  
369  18:01:43  SUCCESS  
366  18:01:43  SUCCESS  
370  18:01:43  RWM_Diagnose.ex  IOCTL_SERIAL_WAIT_ON_MASK  Serial0  
370  18:01:43  SUCCESS  
371  18:01:43  RWM_Diagnose.ex  IOCTL_SERIAL_WAIT_ON_MASK  Serial0  
372  18:01:43  RWM_Diagnose.ex  IOCTL_SERIAL_GET_COMMSTATUS  Serial0  
372  18:01:43  SUCCESS  
373  18:01:43  RWM_Diagnose.ex  IRP_MJ_READ  Serial0  Length 4096
373  18:01:43  SUCCESS  Length 8: .0023:FF
374  18:01:43  RWM_Diagnose.ex  IOCTL_SERIAL_GET_COMMSTATUS  Serial0  
374  18:01:43  SUCCESS  
371  18:01:43  SUCCESS  
375  18:01:43  RWM_Diagnose.ex  IOCTL_SERIAL_WAIT_ON_MASK  Serial0  
375  18:01:43  SUCCESS  
376  18:01:43  RWM_Diagnose.ex  IOCTL_SERIAL_WAIT_ON_MASK  Serial0  
377  18:01:43  RWM_Diagnose.ex  IOCTL_SERIAL_GET_COMMSTATUS  Serial0  
377  18:01:43  SUCCESS  
378  18:01:43  RWM_Diagnose.ex  IRP_MJ_READ  Serial0  Length 4096
378  18:01:43  SUCCESS  Length 8: FFFFFF..
379  18:01:43  RWM_Diagnose.ex  IOCTL_SERIAL_GET_COMMSTATUS  Serial0  
379  18:01:43  SUCCESS  
376  18:01:43  SUCCESS  
380  18:01:44  RWM_Diagnose.ex  IOCTL_SERIAL_WAIT_ON_MASK  Serial0  
380  18:01:44  SUCCESS  
381  18:01:44  RWM_Diagnose.ex  IOCTL_SERIAL_WAIT_ON_MASK  Serial0  
382  18:01:44  RWM_Diagnose.ex  IOCTL_SERIAL_GET_COMMSTATUS  Serial0  
382  18:01:44  SUCCESS  
383  18:01:44  RWM_Diagnose.ex  IRP_MJ_READ  Serial0  Length 4096
383  18:01:44  SUCCESS  Length 8: .0024:FF
384  18:01:44  RWM_Diagnose.ex  IOCTL_SERIAL_GET_COMMSTATUS  Serial0  
384  18:01:44  SUCCESS  
381  18:01:44  SUCCESS  
385  18:01:44  RWM_Diagnose.ex  IOCTL_SERIAL_WAIT_ON_MASK  Serial0  
385  18:01:44  SUCCESS  
386  18:01:44  RWM_Diagnose.ex  IOCTL_SERIAL_WAIT_ON_MASK  Serial0  
387  18:01:44  RWM_Diagnose.ex  IOCTL_SERIAL_GET_COMMSTATUS  Serial0  
387  18:01:44  SUCCESS  
388  18:01:44  RWM_Diagnose.ex  IRP_MJ_READ  Serial0  Length 4096
388  18:01:44  SUCCESS  Length 8: FFFFFF..
389  18:01:44  RWM_Diagnose.ex  IOCTL_SERIAL_GET_COMMSTATUS  Serial0  
389  18:01:44  SUCCESS  
386  18:01:44  SUCCESS  
390  18:01:44  RWM_Diagnose.ex  IOCTL_SERIAL_WAIT_ON_MASK  Serial0  
390  18:01:44  SUCCESS  
391  18:01:44  RWM_Diagnose.ex  IOCTL_SERIAL_WAIT_ON_MASK  Serial0  
392  18:01:44  RWM_Diagnose.ex  IOCTL_SERIAL_GET_COMMSTATUS  Serial0  
392  18:01:44  SUCCESS  
393  18:01:44  RWM_Diagnose.ex  IRP_MJ_READ  Serial0  Length 4096
393  18:01:44  SUCCESS  Length 8: .0025:FF
394  18:01:44  RWM_Diagnose.ex  IOCTL_SERIAL_GET_COMMSTATUS  Serial0  
394  18:01:44  SUCCESS  
391  18:01:44  SUCCESS  
395  18:01:44  RWM_Diagnose.ex  IOCTL_SERIAL_WAIT_ON_MASK  Serial0  
395  18:01:44  SUCCESS  
396  18:01:44  RWM_Diagnose.ex  IOCTL_SERIAL_WAIT_ON_MASK  Serial0  
397  18:01:44  RWM_Diagnose.ex  IOCTL_SERIAL_GET_COMMSTATUS  Serial0  
397  18:01:44  SUCCESS  
398  18:01:44  RWM_Diagnose.ex  IRP_MJ_READ  Serial0  Length 4096
398  18:01:44  SUCCESS  Length 8: FFFFFF..
399  18:01:44  RWM_Diagnose.ex  IOCTL_SERIAL_GET_COMMSTATUS  Serial0  
399  18:01:44  SUCCESS  
396  18:01:44  SUCCESS  
400  18:01:44  RWM_Diagnose.ex  IOCTL_SERIAL_WAIT_ON_MASK  Serial0  
400  18:01:44  SUCCESS  
401  18:01:44  RWM_Diagnose.ex  IOCTL_SERIAL_WAIT_ON_MASK  Serial0  
402  18:01:44  RWM_Diagnose.ex  IOCTL_SERIAL_GET_COMMSTATUS  Serial0  
402  18:01:44  SUCCESS  
403  18:01:44  RWM_Diagnose.ex  IRP_MJ_READ  Serial0  Length 4096
403  18:01:44  SUCCESS  Length 8: .0026:FF
404  18:01:44  RWM_Diagnose.ex  IOCTL_SERIAL_GET_COMMSTATUS  Serial0  
404  18:01:44  SUCCESS  
401  18:01:44  SUCCESS  
405  18:01:44  RWM_Diagnose.ex  IOCTL_SERIAL_WAIT_ON_MASK  Serial0  
405  18:01:44  SUCCESS  
406  18:01:44  RWM_Diagnose.ex  IOCTL_SERIAL_WAIT_ON_MASK  Serial0  
407  18:01:44  RWM_Diagnose.ex  IOCTL_SERIAL_GET_COMMSTATUS  Serial0  
407  18:01:44  SUCCESS  
408  18:01:44  RWM_Diagnose.ex  IRP_MJ_READ  Serial0  Length 4096
408  18:01:44  SUCCESS  Length 8: FFFFFF..
409  18:01:44  RWM_Diagnose.ex  IOCTL_SERIAL_GET_COMMSTATUS  Serial0  
409  18:01:44  SUCCESS  
406  18:01:44  SUCCESS  
410  18:01:44  RWM_Diagnose.ex  IOCTL_SERIAL_WAIT_ON_MASK  Serial0  
410  18:01:44  SUCCESS  
411  18:01:44  RWM_Diagnose.ex  IOCTL_SERIAL_WAIT_ON_MASK  Serial0  
412  18:01:44  RWM_Diagnose.ex  IOCTL_SERIAL_GET_COMMSTATUS  Serial0  
412  18:01:44  SUCCESS  
413  18:01:44  RWM_Diagnose.ex  IRP_MJ_READ  Serial0  Length 4096
413  18:01:44  SUCCESS  Length 8: .0027:FF
414  18:01:44  RWM_Diagnose.ex  IOCTL_SERIAL_GET_COMMSTATUS  Serial0  
414  18:01:44  SUCCESS  
411  18:01:44  SUCCESS  
415  18:01:44  RWM_Diagnose.ex  IOCTL_SERIAL_WAIT_ON_MASK  Serial0  
415  18:01:44  SUCCESS  
416  18:01:44  RWM_Diagnose.ex  IOCTL_SERIAL_WAIT_ON_MASK  Serial0  
417  18:01:44  RWM_Diagnose.ex  IOCTL_SERIAL_GET_COMMSTATUS  Serial0  
417  18:01:44  SUCCESS  
418  18:01:44  RWM_Diagnose.ex  IRP_MJ_READ  Serial0  Length 4096
418  18:01:44  SUCCESS  Length 8: FFFFFF..
419  18:01:44  RWM_Diagnose.ex  IOCTL_SERIAL_GET_COMMSTATUS  Serial0  
419  18:01:44  SUCCESS  
416  18:01:44  SUCCESS  
420  18:01:44  RWM_Diagnose.ex  IOCTL_SERIAL_WAIT_ON_MASK  Serial0  
420  18:01:44  SUCCESS  
421  18:01:44  RWM_Diagnose.ex  IOCTL_SERIAL_WAIT_ON_MASK  Serial0  
422  18:01:44  RWM_Diagnose.ex  IOCTL_SERIAL_GET_COMMSTATUS  Serial0  
422  18:01:44  SUCCESS  
423  18:01:44  RWM_Diagnose.ex  IRP_MJ_READ  Serial0  Length 4096
423  18:01:44  SUCCESS  Length 8: .0028:FF
424  18:01:44  RWM_Diagnose.ex  IOCTL_SERIAL_GET_COMMSTATUS  Serial0  
424  18:01:44  SUCCESS  
421  18:01:44  SUCCESS  
425  18:01:44  RWM_Diagnose.ex  IOCTL_SERIAL_WAIT_ON_MASK  Serial0  
425  18:01:44  SUCCESS  
426  18:01:44  RWM_Diagnose.ex  IOCTL_SERIAL_WAIT_ON_MASK  Serial0  
427  18:01:44  RWM_Diagnose.ex  IOCTL_SERIAL_GET_COMMSTATUS  Serial0  
427  18:01:44  SUCCESS  
428  18:01:44  RWM_Diagnose.ex  IRP_MJ_READ  Serial0  Length 4096
428  18:01:44  SUCCESS  Length 8: FFFFFF..
429  18:01:44  RWM_Diagnose.ex  IOCTL_SERIAL_GET_COMMSTATUS  Serial0  
429  18:01:44  SUCCESS  
426  18:01:44  SUCCESS  
430  18:01:44  RWM_Diagnose.ex  IOCTL_SERIAL_WAIT_ON_MASK  Serial0  
430  18:01:44  SUCCESS  
431  18:01:44  RWM_Diagnose.ex  IOCTL_SERIAL_WAIT_ON_MASK  Serial0  
432  18:01:44  RWM_Diagnose.ex  IOCTL_SERIAL_GET_COMMSTATUS  Serial0  
432  18:01:44  SUCCESS  
433  18:01:44  RWM_Diagnose.ex  IRP_MJ_READ  Serial0  Length 4096
433  18:01:44  SUCCESS  Length 8: .0029:FF
434  18:01:44  RWM_Diagnose.ex  IOCTL_SERIAL_GET_COMMSTATUS  Serial0  
434  18:01:44  SUCCESS  
431  18:01:44  SUCCESS  
435  18:01:44  RWM_Diagnose.ex  IOCTL_SERIAL_WAIT_ON_MASK  Serial0  
435  18:01:44  SUCCESS  
436  18:01:44  RWM_Diagnose.ex  IOCTL_SERIAL_WAIT_ON_MASK  Serial0  
437  18:01:44  RWM_Diagnose.ex  IOCTL_SERIAL_GET_COMMSTATUS  Serial0  
437  18:01:44  SUCCESS  
438  18:01:44  RWM_Diagnose.ex  IRP_MJ_READ  Serial0  Length 4096
438  18:01:44  SUCCESS  Length 8: FFFFFF..
439  18:01:44  RWM_Diagnose.ex  IOCTL_SERIAL_GET_COMMSTATUS  Serial0  
439  18:01:44  SUCCESS  
436  18:01:44  SUCCESS  
440  18:01:44  RWM_Diagnose.ex  IOCTL_SERIAL_WAIT_ON_MASK  Serial0  
440  18:01:44  SUCCESS  
441  18:01:44  RWM_Diagnose.ex  IOCTL_SERIAL_WAIT_ON_MASK  Serial0  
442  18:01:44  RWM_Diagnose.ex  IOCTL_SERIAL_GET_COMMSTATUS  Serial0  
442  18:01:44  SUCCESS  
443  18:01:44  RWM_Diagnose.ex  IRP_MJ_READ  Serial0  Length 4096
443  18:01:44  SUCCESS  Length 8: .002A:FF
444  18:01:44  RWM_Diagnose.ex  IOCTL_SERIAL_GET_COMMSTATUS  Serial0  
444  18:01:44  SUCCESS  
441  18:01:44  SUCCESS  
445  18:01:44  RWM_Diagnose.ex  IOCTL_SERIAL_WAIT_ON_MASK  Serial0  
445  18:01:44  SUCCESS  
446  18:01:44  RWM_Diagnose.ex  IOCTL_SERIAL_WAIT_ON_MASK  Serial0  
447  18:01:44  RWM_Diagnose.ex  IOCTL_SERIAL_GET_COMMSTATUS  Serial0  
447  18:01:44  SUCCESS  
448  18:01:44  RWM_Diagnose.ex  IRP_MJ_READ  Serial0  Length 4096
448  18:01:44  SUCCESS  Length 8: FFFFFF..
449  18:01:44  RWM_Diagnose.ex  IOCTL_SERIAL_GET_COMMSTATUS  Serial0  
449  18:01:44  SUCCESS  
446  18:01:44  SUCCESS  
450  18:01:44  RWM_Diagnose.ex  IOCTL_SERIAL_WAIT_ON_MASK  Serial0  
450  18:01:44  SUCCESS  
451  18:01:44  RWM_Diagnose.ex  IOCTL_SERIAL_WAIT_ON_MASK  Serial0  
452  18:01:44  RWM_Diagnose.ex  IOCTL_SERIAL_GET_COMMSTATUS  Serial0  
452  18:01:44  SUCCESS  
453  18:01:44  RWM_Diagnose.ex  IRP_MJ_READ  Serial0  Length 4096
453  18:01:44  SUCCESS  Length 8: .002B:FF
454  18:01:44  RWM_Diagnose.ex  IOCTL_SERIAL_GET_COMMSTATUS  Serial0  
454  18:01:44  SUCCESS  
451  18:01:44  SUCCESS  
455  18:01:44  RWM_Diagnose.ex  IOCTL_SERIAL_WAIT_ON_MASK  Serial0  
455  18:01:44  SUCCESS  
456  18:01:44  RWM_Diagnose.ex  IOCTL_SERIAL_WAIT_ON_MASK  Serial0  
457  18:01:44  RWM_Diagnose.ex  IOCTL_SERIAL_GET_COMMSTATUS  Serial0  
457  18:01:44  SUCCESS  
458  18:01:44  RWM_Diagnose.ex  IRP_MJ_READ  Serial0  Length 4096
458  18:01:44  SUCCESS  Length 8: FFFFFF..
459  18:01:44  RWM_Diagnose.ex  IOCTL_SERIAL_GET_COMMSTATUS  Serial0  
459  18:01:44  SUCCESS  
456  18:01:44  SUCCESS  
460  18:01:45  RWM_Diagnose.ex  IOCTL_SERIAL_WAIT_ON_MASK  Serial0  
460  18:01:45  SUCCESS  
461  18:01:45  RWM_Diagnose.ex  IOCTL_SERIAL_WAIT_ON_MASK  Serial0  
462  18:01:45  RWM_Diagnose.ex  IOCTL_SERIAL_GET_COMMSTATUS  Serial0  
462  18:01:45  SUCCESS  
463  18:01:45  RWM_Diagnose.ex  IRP_MJ_READ  Serial0  Length 4096
463  18:01:45  SUCCESS  Length 8: .002C:FF
464  18:01:45  RWM_Diagnose.ex  IOCTL_SERIAL_GET_COMMSTATUS  Serial0  
464  18:01:45  SUCCESS  
461  18:01:45  SUCCESS  
465  18:01:45  RWM_Diagnose.ex  IOCTL_SERIAL_WAIT_ON_MASK  Serial0  
465  18:01:45  SUCCESS  
466  18:01:45  RWM_Diagnose.ex  IOCTL_SERIAL_WAIT_ON_MASK  Serial0  
467  18:01:45  RWM_Diagnose.ex  IOCTL_SERIAL_GET_COMMSTATUS  Serial0  
467  18:01:45  SUCCESS  
468  18:01:45  RWM_Diagnose.ex  IRP_MJ_READ  Serial0  Length 4096
468  18:01:45  SUCCESS  Length 8: FFFFFF..
469  18:01:45  RWM_Diagnose.ex  IOCTL_SERIAL_GET_COMMSTATUS  Serial0  
469  18:01:45  SUCCESS  
466  18:01:45  SUCCESS  
470  18:01:45  RWM_Diagnose.ex  IOCTL_SERIAL_WAIT_ON_MASK  Serial0  
470  18:01:45  SUCCESS  
471  18:01:45  RWM_Diagnose.ex  IOCTL_SERIAL_WAIT_ON_MASK  Serial0  
472  18:01:45  RWM_Diagnose.ex  IOCTL_SERIAL_GET_COMMSTATUS  Serial0  
472  18:01:45  SUCCESS  
473  18:01:45  RWM_Diagnose.ex  IRP_MJ_READ  Serial0  Length 4096
473  18:01:45  SUCCESS  Length 8: .002D:FF
474  18:01:45  RWM_Diagnose.ex  IOCTL_SERIAL_GET_COMMSTATUS  Serial0  
474  18:01:45  SUCCESS  
471  18:01:45  SUCCESS  
475  18:01:45  RWM_Diagnose.ex  IOCTL_SERIAL_WAIT_ON_MASK  Serial0  
475  18:01:45  SUCCESS  
476  18:01:45  RWM_Diagnose.ex  IOCTL_SERIAL_WAIT_ON_MASK  Serial0  
477  18:01:45  RWM_Diagnose.ex  IOCTL_SERIAL_GET_COMMSTATUS  Serial0  
477  18:01:45  SUCCESS  
478  18:01:45  RWM_Diagnose.ex  IRP_MJ_READ  Serial0  Length 4096
478  18:01:45  SUCCESS  Length 8: FFFFFF..
479  18:01:45  RWM_Diagnose.ex  IOCTL_SERIAL_GET_COMMSTATUS  Serial0  
479  18:01:45  SUCCESS  
476  18:01:45  SUCCESS  
480  18:01:45  RWM_Diagnose.ex  IOCTL_SERIAL_WAIT_ON_MASK  Serial0  
480  18:01:45  SUCCESS  
481  18:01:45  RWM_Diagnose.ex  IOCTL_SERIAL_WAIT_ON_MASK  Serial0  
482  18:01:45  RWM_Diagnose.ex  IOCTL_SERIAL_GET_COMMSTATUS  Serial0  
482  18:01:45  SUCCESS  
483  18:01:45  RWM_Diagnose.ex  IRP_MJ_READ  Serial0  Length 4096
483  18:01:45  SUCCESS  Length 8: .002E:FF
484  18:01:45  RWM_Diagnose.ex  IOCTL_SERIAL_GET_COMMSTATUS  Serial0  
484  18:01:45  SUCCESS  
481  18:01:45  SUCCESS  
485  18:01:45  RWM_Diagnose.ex  IOCTL_SERIAL_WAIT_ON_MASK  Serial0  
485  18:01:45  SUCCESS  
486  18:01:45  RWM_Diagnose.ex  IOCTL_SERIAL_WAIT_ON_MASK  Serial0  
487  18:01:45  RWM_Diagnose.ex  IOCTL_SERIAL_GET_COMMSTATUS  Serial0  
487  18:01:45  SUCCESS  
488  18:01:45  RWM_Diagnose.ex  IRP_MJ_READ  Serial0  Length 4096
488  18:01:45  SUCCESS  Length 8: FFFFFF..
489  18:01:45  RWM_Diagnose.ex  IOCTL_SERIAL_GET_COMMSTATUS  Serial0  
489  18:01:45  SUCCESS  
486  18:01:45  SUCCESS  
490  18:01:45  RWM_Diagnose.ex  IOCTL_SERIAL_WAIT_ON_MASK  Serial0  
490  18:01:45  SUCCESS  
491  18:01:45  RWM_Diagnose.ex  IOCTL_SERIAL_WAIT_ON_MASK  Serial0  
492  18:01:45  RWM_Diagnose.ex  IOCTL_SERIAL_GET_COMMSTATUS  Serial0  
492  18:01:45  SUCCESS  
491  18:01:45  SUCCESS  
493  18:01:45  RWM_Diagnose.ex  IOCTL_SERIAL_WAIT_ON_MASK  Serial0  
493  18:01:45  SUCCESS  
494  18:01:45  RWM_Diagnose.ex  IOCTL_SERIAL_WAIT_ON_MASK  Serial0  
495  18:01:45  RWM_Diagnose.ex  IRP_MJ_READ  Serial0  Length 4096
495  18:01:45  SUCCESS  Length 16: .002F:FFFFFFFF..
496  18:01:45  RWM_Diagnose.ex  IOCTL_SERIAL_GET_COMMSTATUS  Serial0  
496  18:01:45  SUCCESS  
497  18:01:45  RWM_Diagnose.ex  IOCTL_SERIAL_GET_COMMSTATUS  Serial0  
497  18:01:45  SUCCESS  
498  18:01:45  RWM_Diagnose.ex  IOCTL_SERIAL_GET_COMMSTATUS  Serial0  
498  18:01:45  SUCCESS  
494  18:01:45  SUCCESS  
499  18:01:45  RWM_Diagnose.ex  IOCTL_SERIAL_WAIT_ON_MASK  Serial0  
499  18:01:45  SUCCESS  
500  18:01:45  RWM_Diagnose.ex  IOCTL_SERIAL_WAIT_ON_MASK  Serial0  
501  18:01:45  RWM_Diagnose.ex  IOCTL_SERIAL_GET_COMMSTATUS  Serial0  
501  18:01:45  SUCCESS  
502  18:01:45  RWM_Diagnose.ex  IRP_MJ_READ  Serial0  Length 4096
502  18:01:45  SUCCESS  Length 8: .0030:FF
503  18:01:45  RWM_Diagnose.ex  IOCTL_SERIAL_GET_COMMSTATUS  Serial0  
503  18:01:45  SUCCESS  
500  18:01:45  SUCCESS  
504  18:01:45  RWM_Diagnose.ex  IOCTL_SERIAL_WAIT_ON_MASK  Serial0  
504  18:01:45  SUCCESS  
505  18:01:45  RWM_Diagnose.ex  IOCTL_SERIAL_WAIT_ON_MASK  Serial0  
506  18:01:45  RWM_Diagnose.ex  IOCTL_SERIAL_GET_COMMSTATUS  Serial0  
506  18:01:45  SUCCESS  
507  18:01:45  RWM_Diagnose.ex  IRP_MJ_READ  Serial0  Length 4096
507  18:01:45  SUCCESS  Length 8: FFFFFF..
508  18:01:45  RWM_Diagnose.ex  IOCTL_SERIAL_GET_COMMSTATUS  Serial0  
508  18:01:45  SUCCESS  
505  18:01:45  SUCCESS  
509  18:01:45  RWM_Diagnose.ex  IOCTL_SERIAL_WAIT_ON_MASK  Serial0  
509  18:01:45  SUCCESS  
510  18:01:45  RWM_Diagnose.ex  IOCTL_SERIAL_WAIT_ON_MASK  Serial0  
511  18:01:45  RWM_Diagnose.ex  IOCTL_SERIAL_GET_COMMSTATUS  Serial0  
511  18:01:45  SUCCESS  
512  18:01:45  RWM_Diagnose.ex  IRP_MJ_READ  Serial0  Length 4096
512  18:01:45  SUCCESS  Length 8: .0031:FF
513  18:01:45  RWM_Diagnose.ex  IOCTL_SERIAL_GET_COMMSTATUS  Serial0  
513  18:01:45  SUCCESS  
510  18:01:45  SUCCESS  
514  18:01:45  RWM_Diagnose.ex  IOCTL_SERIAL_WAIT_ON_MASK  Serial0  
514  18:01:45  SUCCESS  
515  18:01:45  RWM_Diagnose.ex  IOCTL_SERIAL_WAIT_ON_MASK  Serial0  
516  18:01:45  RWM_Diagnose.ex  IOCTL_SERIAL_GET_COMMSTATUS  Serial0  
516  18:01:45  SUCCESS  
517  18:01:45  RWM_Diagnose.ex  IRP_MJ_READ  Serial0  Length 4096
517  18:01:45  SUCCESS  Length 8: FFFFFF..
518  18:01:45  RWM_Diagnose.ex  IOCTL_SERIAL_GET_COMMSTATUS  Serial0  
518  18:01:45  SUCCESS  
515  18:01:45  SUCCESS  
519  18:01:45  RWM_Diagnose.ex  IOCTL_SERIAL_WAIT_ON_MASK  Serial0  
519  18:01:45  SUCCESS  
520  18:01:45  RWM_Diagnose.ex  IOCTL_SERIAL_WAIT_ON_MASK  Serial0  
521  18:01:45  RWM_Diagnose.ex  IOCTL_SERIAL_GET_COMMSTATUS  Serial0  
521  18:01:45  SUCCESS  
522  18:01:45  RWM_Diagnose.ex  IRP_MJ_READ  Serial0  Length 4096
522  18:01:45  SUCCESS  Length 8: .0032:FF
523  18:01:45  RWM_Diagnose.ex  IOCTL_SERIAL_GET_COMMSTATUS  Serial0  
523  18:01:45  SUCCESS  
520  18:01:45  SUCCESS  
524  18:01:45  RWM_Diagnose.ex  IOCTL_SERIAL_WAIT_ON_MASK  Serial0  
524  18:01:45  SUCCESS  
525  18:01:45  RWM_Diagnose.ex  IOCTL_SERIAL_WAIT_ON_MASK  Serial0  
526  18:01:45  RWM_Diagnose.ex  IOCTL_SERIAL_GET_COMMSTATUS  Serial0  
526  18:01:45  SUCCESS  
527  18:01:45  RWM_Diagnose.ex  IRP_MJ_READ  Serial0  Length 4096
527  18:01:45  SUCCESS  Length 8: FFFFFF..
528  18:01:45  RWM_Diagnose.ex  IOCTL_SERIAL_GET_COMMSTATUS  Serial0  
528  18:01:45  SUCCESS  
525  18:01:45  SUCCESS  
529  18:01:45  RWM_Diagnose.ex  IOCTL_SERIAL_WAIT_ON_MASK  Serial0  
529  18:01:45  SUCCESS  
530  18:01:45  RWM_Diagnose.ex  IOCTL_SERIAL_WAIT_ON_MASK  Serial0  
531  18:01:45  RWM_Diagnose.ex  IOCTL_SERIAL_GET_COMMSTATUS  Serial0  
531  18:01:45  SUCCESS  
532  18:01:45  RWM_Diagnose.ex  IRP_MJ_READ  Serial0  Length 4096
532  18:01:45  SUCCESS  Length 8: .0033:FF
533  18:01:45  RWM_Diagnose.ex  IOCTL_SERIAL_GET_COMMSTATUS  Serial0  
533  18:01:45  SUCCESS  
530  18:01:45  SUCCESS  
534  18:01:45  RWM_Diagnose.ex  IOCTL_SERIAL_WAIT_ON_MASK  Serial0  
534  18:01:45  SUCCESS  
535  18:01:45  RWM_Diagnose.ex  IOCTL_SERIAL_WAIT_ON_MASK  Serial0  
536  18:01:45  RWM_Diagnose.ex  IOCTL_SERIAL_GET_COMMSTATUS  Serial0  
536  18:01:45  SUCCESS  
537  18:01:45  RWM_Diagnose.ex  IRP_MJ_READ  Serial0  Length 4096
537  18:01:45  SUCCESS  Length 8: FFFFFF..
538  18:01:45  RWM_Diagnose.ex  IOCTL_SERIAL_GET_COMMSTATUS  Serial0  
538  18:01:45  SUCCESS  
535  18:01:45  SUCCESS  
539  18:01:46  RWM_Diagnose.ex  IOCTL_SERIAL_WAIT_ON_MASK  Serial0  
539  18:01:46  SUCCESS  
540  18:01:46  RWM_Diagnose.ex  IOCTL_SERIAL_WAIT_ON_MASK  Serial0  
541  18:01:46  RWM_Diagnose.ex  IOCTL_SERIAL_GET_COMMSTATUS  Serial0  
541  18:01:46  SUCCESS  
542  18:01:46  RWM_Diagnose.ex  IRP_MJ_READ  Serial0  Length 4096
542  18:01:46  SUCCESS  Length 8: .0034:FF
543  18:01:46  RWM_Diagnose.ex  IOCTL_SERIAL_GET_COMMSTATUS  Serial0  
543  18:01:46  SUCCESS  
540  18:01:46  SUCCESS  
544  18:01:46  RWM_Diagnose.ex  IOCTL_SERIAL_WAIT_ON_MASK  Serial0  
544  18:01:46  SUCCESS  
545  18:01:46  RWM_Diagnose.ex  IOCTL_SERIAL_WAIT_ON_MASK  Serial0  
546  18:01:46  RWM_Diagnose.ex  IOCTL_SERIAL_GET_COMMSTATUS  Serial0  
546  18:01:46  SUCCESS  
547  18:01:46  RWM_Diagnose.ex  IRP_MJ_READ  Serial0  Length 4096
547  18:01:46  SUCCESS  Length 8: FFFFFF..
548  18:01:46  RWM_Diagnose.ex  IOCTL_SERIAL_GET_COMMSTATUS  Serial0  
548  18:01:46  SUCCESS  
545  18:01:46  SUCCESS  
549  18:01:46  RWM_Diagnose.ex  IOCTL_SERIAL_WAIT_ON_MASK  Serial0  
549  18:01:46  SUCCESS  
550  18:01:46  RWM_Diagnose.ex  IOCTL_SERIAL_WAIT_ON_MASK  Serial0  
551  18:01:46  RWM_Diagnose.ex  IOCTL_SERIAL_GET_COMMSTATUS  Serial0  
551  18:01:46  SUCCESS  
552  18:01:46  RWM_Diagnose.ex  IRP_MJ_READ  Serial0  Length 4096
552  18:01:46  SUCCESS  Length 8: .0035:FF
553  18:01:46  RWM_Diagnose.ex  IOCTL_SERIAL_GET_COMMSTATUS  Serial0  
553  18:01:46  SUCCESS  
550  18:01:46  SUCCESS  
554  18:01:46  RWM_Diagnose.ex  IOCTL_SERIAL_WAIT_ON_MASK  Serial0  
554  18:01:46  SUCCESS  
555  18:01:46  RWM_Diagnose.ex  IOCTL_SERIAL_WAIT_ON_MASK  Serial0  
556  18:01:46  RWM_Diagnose.ex  IOCTL_SERIAL_GET_COMMSTATUS  Serial0  
556  18:01:46  SUCCESS  
557  18:01:46  RWM_Diagnose.ex  IRP_MJ_READ  Serial0  Length 4096
557  18:01:46  SUCCESS  Length 8: FFFFFF..
558  18:01:46  RWM_Diagnose.ex  IOCTL_SERIAL_GET_COMMSTATUS  Serial0  
558  18:01:46  SUCCESS  
555  18:01:46  SUCCESS  
559  18:01:46  RWM_Diagnose.ex  IOCTL_SERIAL_WAIT_ON_MASK  Serial0  
559  18:01:46  SUCCESS  
560  18:01:46  RWM_Diagnose.ex  IOCTL_SERIAL_WAIT_ON_MASK  Serial0  
561  18:01:46  RWM_Diagnose.ex  IOCTL_SERIAL_GET_COMMSTATUS  Serial0  
561  18:01:46  SUCCESS  
562  18:01:46  RWM_Diagnose.ex  IRP_MJ_READ  Serial0  Length 4096
562  18:01:46  SUCCESS  Length 8: .0036:01
563  18:01:46  RWM_Diagnose.ex  IOCTL_SERIAL_GET_COMMSTATUS  Serial0  
563  18:01:46  SUCCESS  
560  18:01:46  SUCCESS  
564  18:01:46  RWM_Diagnose.ex  IOCTL_SERIAL_WAIT_ON_MASK  Serial0  
564  18:01:46  SUCCESS  
565  18:01:46  RWM_Diagnose.ex  IOCTL_SERIAL_WAIT_ON_MASK  Serial0  
566  18:01:46  RWM_Diagnose.ex  IOCTL_SERIAL_GET_COMMSTATUS  Serial0  
566  18:01:46  SUCCESS  
567  18:01:46  RWM_Diagnose.ex  IRP_MJ_READ  Serial0  Length 4096
567  18:01:46  SUCCESS  Length 8: 46F311..
568  18:01:46  RWM_Diagnose.ex  IOCTL_SERIAL_GET_COMMSTATUS  Serial0  
568  18:01:46  SUCCESS  
565  18:01:46  SUCCESS  
569  18:01:46  RWM_Diagnose.ex  IOCTL_SERIAL_WAIT_ON_MASK  Serial0  
569  18:01:46  SUCCESS  
570  18:01:46  RWM_Diagnose.ex  IOCTL_SERIAL_WAIT_ON_MASK  Serial0  
571  18:01:46  RWM_Diagnose.ex  IOCTL_SERIAL_GET_COMMSTATUS  Serial0  
571  18:01:46  SUCCESS  
572  18:01:46  RWM_Diagnose.ex  IRP_MJ_READ  Serial0  Length 4096
572  18:01:46  SUCCESS  Length 8: .0037:20
573  18:01:46  RWM_Diagnose.ex  IOCTL_SERIAL_GET_COMMSTATUS  Serial0  
573  18:01:46  SUCCESS  
570  18:01:46  SUCCESS  
574  18:01:46  RWM_Diagnose.ex  IOCTL_SERIAL_WAIT_ON_MASK  Serial0  
574  18:01:46  SUCCESS  
575  18:01:46  RWM_Diagnose.ex  IOCTL_SERIAL_WAIT_ON_MASK  Serial0  
576  18:01:46  RWM_Diagnose.ex  IOCTL_SERIAL_GET_COMMSTATUS  Serial0  
576  18:01:46  SUCCESS  
577  18:01:46  RWM_Diagnose.ex  IRP_MJ_READ  Serial0  Length 4096
577  18:01:46  SUCCESS  Length 8: 000000..
578  18:01:46  RWM_Diagnose.ex  IOCTL_SERIAL_GET_COMMSTATUS  Serial0  
578  18:01:46  SUCCESS  
575  18:01:46  SUCCESS  
579  18:01:46  RWM_Diagnose.ex  IOCTL_SERIAL_WAIT_ON_MASK  Serial0  
579  18:01:46  SUCCESS  
580  18:01:46  RWM_Diagnose.ex  IOCTL_SERIAL_WAIT_ON_MASK  Serial0  
581  18:01:46  RWM_Diagnose.ex  IOCTL_SERIAL_GET_COMMSTATUS  Serial0  
581  18:01:46  SUCCESS  
582  18:01:46  RWM_Diagnose.ex  IRP_MJ_READ  Serial0  Length 4096
582  18:01:46  SUCCESS  Length 8: .0038:01
583  18:01:46  RWM_Diagnose.ex  IOCTL_SERIAL_GET_COMMSTATUS  Serial0  
583  18:01:46  SUCCESS  
580  18:01:46  SUCCESS  
584  18:01:46  RWM_Diagnose.ex  IOCTL_SERIAL_WAIT_ON_MASK  Serial0  
584  18:01:46  SUCCESS  
585  18:01:46  RWM_Diagnose.ex  IOCTL_SERIAL_WAIT_ON_MASK  Serial0  
586  18:01:46  RWM_Diagnose.ex  IOCTL_SERIAL_GET_COMMSTATUS  Serial0  
586  18:01:46  SUCCESS  
587  18:01:46  RWM_Diagnose.ex  IRP_MJ_READ  Serial0  Length 4096
587  18:01:46  SUCCESS  Length 8: B06B11..
588  18:01:46  RWM_Diagnose.ex  IOCTL_SERIAL_GET_COMMSTATUS  Serial0  
588  18:01:46  SUCCESS  
585  18:01:46  SUCCESS  
589  18:01:46  RWM_Diagnose.ex  IOCTL_SERIAL_WAIT_ON_MASK  Serial0  
589  18:01:46  SUCCESS  
590  18:01:46  RWM_Diagnose.ex  IOCTL_SERIAL_WAIT_ON_MASK  Serial0  
591  18:01:46  RWM_Diagnose.ex  IOCTL_SERIAL_GET_COMMSTATUS  Serial0  
591  18:01:46  SUCCESS  
592  18:01:46  RWM_Diagnose.ex  IRP_MJ_READ  Serial0  Length 4096
592  18:01:46  SUCCESS  Length 8: .0039:20
593  18:01:46  RWM_Diagnose.ex  IOCTL_SERIAL_GET_COMMSTATUS  Serial0  
593  18:01:46  SUCCESS  
590  18:01:46  SUCCESS  
594  18:01:46  RWM_Diagnose.ex  IOCTL_SERIAL_WAIT_ON_MASK  Serial0  
594  18:01:46  SUCCESS  
595  18:01:46  RWM_Diagnose.ex  IOCTL_SERIAL_WAIT_ON_MASK  Serial0  
596  18:01:46  RWM_Diagnose.ex  IOCTL_SERIAL_GET_COMMSTATUS  Serial0  
596  18:01:46  SUCCESS  
597  18:01:46  RWM_Diagnose.ex  IRP_MJ_READ  Serial0  Length 4096
597  18:01:46  SUCCESS  Length 8: 000000..
598  18:01:46  RWM_Diagnose.ex  IOCTL_SERIAL_GET_COMMSTATUS  Serial0  
598  18:01:46  SUCCESS  
595  18:01:46  SUCCESS  
599  18:01:46  RWM_Diagnose.ex  IOCTL_SERIAL_WAIT_ON_MASK  Serial0  
599  18:01:46  SUCCESS  
600  18:01:46  RWM_Diagnose.ex  IOCTL_SERIAL_WAIT_ON_MASK  Serial0  
601  18:01:46  RWM_Diagnose.ex  IOCTL_SERIAL_GET_COMMSTATUS  Serial0  
601  18:01:46  SUCCESS  
602  18:01:46  RWM_Diagnose.ex  IRP_MJ_READ  Serial0  Length 4096
602  18:01:46  SUCCESS  Length 8: .003A:00
603  18:01:46  RWM_Diagnose.ex  IOCTL_SERIAL_GET_COMMSTATUS  Serial0  
603  18:01:46  SUCCESS  
600  18:01:46  SUCCESS  
604  18:01:46  RWM_Diagnose.ex  IOCTL_SERIAL_WAIT_ON_MASK  Serial0  
604  18:01:46  SUCCESS  
605  18:01:46  RWM_Diagnose.ex  IOCTL_SERIAL_WAIT_ON_MASK  Serial0  
606  18:01:46  RWM_Diagnose.ex  IOCTL_SERIAL_GET_COMMSTATUS  Serial0  
606  18:01:46  SUCCESS  
607  18:01:46  RWM_Diagnose.ex  IRP_MJ_READ  Serial0  Length 4096
607  18:01:46  SUCCESS  Length 8: DD7B11..
608  18:01:46  RWM_Diagnose.ex  IOCTL_SERIAL_GET_COMMSTATUS  Serial0  
608  18:01:46  SUCCESS  
605  18:01:46  SUCCESS  
609  18:01:46  RWM_Diagnose.ex  IOCTL_SERIAL_WAIT_ON_MASK  Serial0  
609  18:01:46  SUCCESS  
610  18:01:46  RWM_Diagnose.ex  IOCTL_SERIAL_WAIT_ON_MASK  Serial0  
611  18:01:46  RWM_Diagnose.ex  IOCTL_SERIAL_GET_COMMSTATUS  Serial0  
611  18:01:46  SUCCESS  
612  18:01:46  RWM_Diagnose.ex  IRP_MJ_READ  Serial0  Length 4096
612  18:01:46  SUCCESS  Length 8: .003B:20
613  18:01:46  RWM_Diagnose.ex  IOCTL_SERIAL_GET_COMMSTATUS  Serial0  
613  18:01:46  SUCCESS  
610  18:01:46  SUCCESS  
614  18:01:46  RWM_Diagnose.ex  IOCTL_SERIAL_WAIT_ON_MASK  Serial0  
614  18:01:46  SUCCESS  
615  18:01:46  RWM_Diagnose.ex  IOCTL_SERIAL_WAIT_ON_MASK  Serial0  
616  18:01:46  RWM_Diagnose.ex  IOCTL_SERIAL_GET_COMMSTATUS  Serial0  
616  18:01:46  SUCCESS  
617  18:01:46  RWM_Diagnose.ex  IRP_MJ_READ  Serial0  Length 4096
617  18:01:46  SUCCESS  Length 8: 000000..
618  18:01:46  RWM_Diagnose.ex  IOCTL_SERIAL_GET_COMMSTATUS  Serial0  
618  18:01:46  SUCCESS  
615  18:01:46  SUCCESS  
619  18:01:47  RWM_Diagnose.ex  IOCTL_SERIAL_WAIT_ON_MASK  Serial0  
619  18:01:47  SUCCESS  
620  18:01:47  RWM_Diagnose.ex  IOCTL_SERIAL_WAIT_ON_MASK  Serial0  
621  18:01:47  RWM_Diagnose.ex  IOCTL_SERIAL_GET_COMMSTATUS  Serial0  
621  18:01:47  SUCCESS  
622  18:01:47  RWM_Diagnose.ex  IRP_MJ_READ  Serial0  Length 4096
622  18:01:47  SUCCESS  Length 8: .0064:00
623  18:01:47  RWM_Diagnose.ex  IOCTL_SERIAL_GET_COMMSTATUS  Serial0  
623  18:01:47  SUCCESS  
620  18:01:47  SUCCESS  
624  18:01:47  RWM_Diagnose.ex  IOCTL_SERIAL_WAIT_ON_MASK  Serial0  
624  18:01:47  SUCCESS  
625  18:01:47  RWM_Diagnose.ex  IOCTL_SERIAL_WAIT_ON_MASK  Serial0  
626  18:01:47  RWM_Diagnose.ex  IOCTL_SERIAL_GET_COMMSTATUS  Serial0  
626  18:01:47  SUCCESS  
627  18:01:47  RWM_Diagnose.ex  IRP_MJ_READ  Serial0  Length 4096
627  18:01:47  SUCCESS  Length 8: 000001..
628  18:01:47  RWM_Diagnose.ex  IOCTL_SERIAL_GET_COMMSTATUS  Serial0  
628  18:01:47  SUCCESS  
625  18:01:47  SUCCESS  
629  18:01:51  RWM_Diagnose.ex  IOCTL_SERIAL_WAIT_ON_MASK  Serial0  
629  18:01:51  SUCCESS  
630  18:01:51  RWM_Diagnose.ex  IOCTL_SERIAL_WAIT_ON_MASK  Serial0  
631  18:01:51  RWM_Diagnose.ex  IOCTL_SERIAL_GET_COMMSTATUS  Serial0  
631  18:01:51  SUCCESS  
630  18:01:51  SUCCESS  
632  18:01:51  RWM_Diagnose.ex  IOCTL_SERIAL_WAIT_ON_MASK  Serial0  
633  18:01:51  RWM_Diagnose.ex  IRP_MJ_READ  Serial0  Length 4096
633  18:01:51  SUCCESS  Length 9: .Timeout.
634  18:01:51  RWM_Diagnose.ex  IRP_MJ_WRITE  Serial0  Length 12: .DA:B1DB:04.
634  18:01:51  SUCCESS  
635  18:01:51  RWM_Diagnose.ex  IOCTL_SERIAL_GET_COMMSTATUS  Serial0  
635  18:01:51  SUCCESS  
636  18:01:51  RWM_Diagnose.ex  IOCTL_SERIAL_GET_COMMSTATUS  Serial0  
636  18:01:51  SUCCESS  
632  18:01:51  SUCCESS  
637  18:01:51  RWM_Diagnose.ex  IOCTL_SERIAL_WAIT_ON_MASK  Serial0  
638  18:01:51  RWM_Diagnose.ex  IOCTL_SERIAL_GET_COMMSTATUS  Serial0  
638  18:01:51  SUCCESS  
639  18:01:51  RWM_Diagnose.ex  IRP_MJ_READ  Serial0  Length 4096
639  18:01:51  SUCCESS  Length 1: .
637  18:01:51  SUCCESS  
640  18:01:51  RWM_Diagnose.ex  IOCTL_SERIAL_WAIT_ON_MASK  Serial0  
640  18:01:51  SUCCESS  
641  18:01:51  RWM_Diagnose.ex  IOCTL_SERIAL_WAIT_ON_MASK  Serial0  
642  18:01:51  RWM_Diagnose.ex  IOCTL_SERIAL_GET_COMMSTATUS  Serial0  
642  18:01:51  SUCCESS  
643  18:01:51  RWM_Diagnose.ex  IRP_MJ_READ  Serial0  Length 4096
643  18:01:51  SUCCESS  Length 6: .Done.
644  18:01:51  RWM_Diagnose.ex  IOCTL_SERIAL_GET_COMMSTATUS  Serial0  
644  18:01:51  SUCCESS  
0  18:03:08  RWM_Diagnose.ex  IRP_MJ_WRITE  Serial0  Length 11: ..01TESTA1.
0  18:03:08  SUCCESS  
1  18:03:08  RWM_Diagnose.ex  IOCTL_SERIAL_WAIT_ON_MASK  Serial0  
2  18:03:08  RWM_Diagnose.ex  IOCTL_SERIAL_GET_COMMSTATUS  Serial0  
2  18:03:08  SUCCESS  
3  18:03:08  RWM_Diagnose.ex  IRP_MJ_READ  Serial0  Length 4096
3  18:03:08  SUCCESS  Length 1: .
4  18:03:08  RWM_Diagnose.ex  IRP_MJ_WRITE  Serial0  Length 12: .DA:B1DB:05.
4  18:03:08  SUCCESS  
1  18:03:08  SUCCESS  
5  18:03:08  RWM_Diagnose.ex  IOCTL_SERIAL_WAIT_ON_MASK  Serial0  
6  18:03:08  RWM_Diagnose.ex  IOCTL_SERIAL_GET_COMMSTATUS  Serial0  
6  18:03:08  SUCCESS  
7  18:03:08  RWM_Diagnose.ex  IRP_MJ_READ  Serial0  Length 4096
7  18:03:08  SUCCESS  Length 1: .
5  18:03:08  SUCCESS  
8  18:03:14  RWM_Diagnose.ex  IOCTL_SERIAL_WAIT_ON_MASK  Serial0  
8  18:03:14  SUCCESS  
9  18:03:14  RWM_Diagnose.ex  IOCTL_SERIAL_WAIT_ON_MASK  Serial0  
10  18:03:14  RWM_Diagnose.ex  IOCTL_SERIAL_GET_COMMSTATUS  Serial0  
10  18:03:14  SUCCESS  
11  18:03:14  RWM_Diagnose.ex  IRP_MJ_READ  Serial0  Length 4096
11  18:03:14  SUCCESS  Length 8: .Timeout
12  18:03:14  RWM_Diagnose.ex  IOCTL_SERIAL_GET_COMMSTATUS  Serial0  
12  18:03:14  SUCCESS  
9  18:03:14  SUCCESS  
13  18:03:14  RWM_Diagnose.ex  IOCTL_SERIAL_GET_COMMSTATUS  Serial0  
13  18:03:14  SUCCESS  
14  18:03:14  RWM_Diagnose.ex  IRP_MJ_READ  Serial0  Length 4096
14  18:03:14  SUCCESS  Length 1: .
15  18:03:14  RWM_Diagnose.ex  IOCTL_SERIAL_WAIT_ON_MASK  Serial0  
16  18:03:15  RWM_Diagnose.ex  IRP_MJ_WRITE  Serial0  Length 9: .SD:B1DB.
16  18:03:15  SUCCESS  
15  18:03:14  SUCCESS  
17  18:03:15  RWM_Diagnose.ex  IOCTL_SERIAL_WAIT_ON_MASK  Serial0  
18  18:03:15  RWM_Diagnose.ex  IOCTL_SERIAL_GET_COMMSTATUS  Serial0  
18  18:03:15  SUCCESS  
19  18:03:15  RWM_Diagnose.ex  IRP_MJ_READ  Serial0  Length 4096
19  18:03:15  SUCCESS  Length 1: .
17  18:03:15  SUCCESS  
20  18:03:54  RWM_Diagnose.ex  IOCTL_SERIAL_WAIT_ON_MASK  Serial0  
20  18:03:54  SUCCESS  
21  18:03:54  RWM_Diagnose.ex  IOCTL_SERIAL_WAIT_ON_MASK  Serial0  
22  18:03:54  RWM_Diagnose.ex  IOCTL_SERIAL_GET_COMMSTATUS  Serial0  
22  18:03:54  SUCCESS  
23  18:03:54  RWM_Diagnose.ex  IRP_MJ_READ  Serial0  Length 4096
23  18:03:54  SUCCESS  Length 5: .REC.
24  18:03:54  RWM_Diagnose.ex  IOCTL_SERIAL_GET_COMMSTATUS  Serial0  
24  18:03:54  SUCCESS  
21  18:03:54  SUCCESS  
25  18:03:56  RWM_Diagnose.ex  IOCTL_SERIAL_WAIT_ON_MASK  Serial0  
25  18:03:56  SUCCESS  
26  18:03:56  RWM_Diagnose.ex  IOCTL_SERIAL_WAIT_ON_MASK  Serial0  
27  18:03:56  RWM_Diagnose.ex  IOCTL_SERIAL_GET_COMMSTATUS  Serial0  
27  18:03:56  SUCCESS  
28  18:03:56  RWM_Diagnose.ex  IRP_MJ_READ  Serial0  Length 4096
28  18:03:56  SUCCESS  Length 6: .Done.
29  18:03:57  RWM_Diagnose.ex  IRP_MJ_WRITE  Serial0  Length 12: .DA:B1DB:03.
29  18:03:57  SUCCESS  
30  18:03:57  RWM_Diagnose.ex  IOCTL_SERIAL_GET_COMMSTATUS  Serial0  
30  18:03:57  SUCCESS  
26  18:03:56  SUCCESS  
31  18:03:57  RWM_Diagnose.ex  IOCTL_SERIAL_WAIT_ON_MASK  Serial0  
32  18:03:57  RWM_Diagnose.ex  IOCTL_SERIAL_GET_COMMSTATUS  Serial0  
32  18:03:57  SUCCESS  
33  18:03:57  RWM_Diagnose.ex  IRP_MJ_READ  Serial0  Length 4096
33  18:03:57  SUCCESS  Length 1: .
31  18:03:57  SUCCESS  
34  18:03:57  RWM_Diagnose.ex  IOCTL_SERIAL_WAIT_ON_MASK  Serial0  
34  18:03:57  SUCCESS  
35  18:03:57  RWM_Diagnose.ex  IOCTL_SERIAL_WAIT_ON_MASK  Serial0  
36  18:03:57  RWM_Diagnose.ex  IOCTL_SERIAL_GET_COMMSTATUS  Serial0  
36  18:03:57  SUCCESS  
37  18:03:57  RWM_Diagnose.ex  IRP_MJ_READ  Serial0  Length 4096
37  18:03:57  SUCCESS  Length 6: .Done.
38  18:03:57  RWM_Diagnose.ex  IOCTL_SERIAL_GET_COMMSTATUS  Serial0  
38  18:03:57  SUCCESS  
39  18:04:08  RWM_Diagnose.ex  IRP_MJ_WRITE  Serial0  Length 12: .DA:B1DB:06.
39  18:04:08  SUCCESS  
35  18:03:57  SUCCESS  
40  18:04:08  RWM_Diagnose.ex  IOCTL_SERIAL_WAIT_ON_MASK  Serial0  
41  18:04:08  RWM_Diagnose.ex  IOCTL_SERIAL_GET_COMMSTATUS  Serial0  
41  18:04:08  SUCCESS  
42  18:04:08  RWM_Diagnose.ex  IRP_MJ_READ  Serial0  Length 4096
42  18:04:08  SUCCESS  Length 1: .
40  18:04:08  SUCCESS  
43  18:04:09  RWM_Diagnose.ex  IOCTL_SERIAL_WAIT_ON_MASK  Serial0  
43  18:04:09  SUCCESS  
44  18:04:09  RWM_Diagnose.ex  IOCTL_SERIAL_WAIT_ON_MASK  Serial0  
45  18:04:09  RWM_Diagnose.ex  IOCTL_SERIAL_GET_COMMSTATUS  Serial0  
45  18:04:09  SUCCESS  
46  18:04:09  RWM_Diagnose.ex  IRP_MJ_READ  Serial0  Length 4096
46  18:04:09  SUCCESS  Length 6: .Done.
47  18:04:09  RWM_Diagnose.ex  IRP_MJ_WRITE  Serial0  Length 12: .DA:B1DB:04.
47  18:04:09  SUCCESS  
48  18:04:09  RWM_Diagnose.ex  IOCTL_SERIAL_GET_COMMSTATUS  Serial0  
48  18:04:09  SUCCESS  
44  18:04:09  SUCCESS  
49  18:04:09  RWM_Diagnose.ex  IOCTL_SERIAL_WAIT_ON_MASK  Serial0  
50  18:04:09  RWM_Diagnose.ex  IOCTL_SERIAL_GET_COMMSTATUS  Serial0  
50  18:04:09  SUCCESS  
51  18:04:09  RWM_Diagnose.ex  IRP_MJ_READ  Serial0  Length 4096
51  18:04:09  SUCCESS  Length 1: .
49  18:04:09  SUCCESS  
52  18:04:13  RWM_Diagnose.ex  IOCTL_SERIAL_WAIT_ON_MASK  Serial0  
52  18:04:13  SUCCESS  
53  18:04:13  RWM_Diagnose.ex  IOCTL_SERIAL_WAIT_ON_MASK  Serial0  
54  18:04:13  RWM_Diagnose.ex  IOCTL_SERIAL_GET_COMMSTATUS  Serial0  
54  18:04:13  SUCCESS  
55  18:04:13  RWM_Diagnose.ex  IRP_MJ_READ  Serial0  Length 4096
55  18:04:13  SUCCESS  Length 6: .Done.
56  18:04:13  RWM_Diagnose.ex  IOCTL_SERIAL_GET_COMMSTATUS  Serial0  
56  18:04:13  SUCCESS  
