0	18:03:08	RWM_Diagnose.ex	IRP_MJ_WRITE	Serial0	SUCCESS	Length 11: ..01TESTA1.	
1	18:03:08	RWM_Diagnose.ex	IOCTL_SERIAL_WAIT_ON_MASK	Serial0	SUCCESS		
2	18:03:08	RWM_Diagnose.ex	IOCTL_SERIAL_GET_COMMSTATUS	Serial0	SUCCESS		
3	18:03:08	RWM_Diagnose.ex	IRP_MJ_READ	Serial0	SUCCESS	Length 1: .	
4	18:03:08	RWM_Diagnose.ex	IRP_MJ_WRITE	Serial0	SUCCESS	Length 12: .DA:B1DB:05.	
5	18:03:08	RWM_Diagnose.ex	IOCTL_SERIAL_WAIT_ON_MASK	Serial0	SUCCESS		
6	18:03:08	RWM_Diagnose.ex	IOCTL_SERIAL_GET_COMMSTATUS	Serial0	SUCCESS		
7	18:03:08	RWM_Diagnose.ex	IRP_MJ_READ	Serial0	SUCCESS	Length 1: .	
8	18:03:14	RWM_Diagnose.ex	IOCTL_SERIAL_WAIT_ON_MASK	Serial0	SUCCESS		
9	18:03:14	RWM_Diagnose.ex	IOCTL_SERIAL_WAIT_ON_MASK	Serial0	SUCCESS		
10	18:03:14	RWM_Diagnose.ex	IOCTL_SERIAL_GET_COMMSTATUS	Serial0	SUCCESS		
11	18:03:14	RWM_Diagnose.ex	IRP_MJ_READ	Serial0	SUCCESS	Length 8: .Timeout	
12	18:03:14	RWM_Diagnose.ex	IOCTL_SERIAL_GET_COMMSTATUS	Serial0	SUCCESS		
13	18:03:14	RWM_Diagnose.ex	IOCTL_SERIAL_GET_COMMSTATUS	Serial0	SUCCESS		
14	18:03:14	RWM_Diagnose.ex	IRP_MJ_READ	Serial0	SUCCESS	Length 1: .	
15	18:03:14	RWM_Diagnose.ex	IOCTL_SERIAL_WAIT_ON_MASK	Serial0	SUCCESS		
16	18:03:15	RWM_Diagnose.ex	IRP_MJ_WRITE	Serial0	SUCCESS	Length 9: .SD:B1DB.	
17	18:03:15	RWM_Diagnose.ex	IOCTL_SERIAL_WAIT_ON_MASK	Serial0	SUCCESS		
18	18:03:15	RWM_Diagnose.ex	IOCTL_SERIAL_GET_COMMSTATUS	Serial0	SUCCESS		
19	18:03:15	RWM_Diagnose.ex	IRP_MJ_READ	Serial0	SUCCESS	Length 1: .	
20	18:03:54	RWM_Diagnose.ex	IOCTL_SERIAL_WAIT_ON_MASK	Serial0	SUCCESS		
21	18:03:54	RWM_Diagnose.ex	IOCTL_SERIAL_WAIT_ON_MASK	Serial0	SUCCESS		
22	18:03:54	RWM_Diagnose.ex	IOCTL_SERIAL_GET_COMMSTATUS	Serial0	SUCCESS		
23	18:03:54	RWM_Diagnose.ex	IRP_MJ_READ	Serial0	SUCCESS	Length 5: .REC.	
24	18:03:54	RWM_Diagnose.ex	IOCTL_SERIAL_GET_COMMSTATUS	Serial0	SUCCESS		
25	18:03:56	RWM_Diagnose.ex	IOCTL_SERIAL_WAIT_ON_MASK	Serial0	SUCCESS		
26	18:03:56	RWM_Diagnose.ex	IOCTL_SERIAL_WAIT_ON_MASK	Serial0	SUCCESS		
27	18:03:56	RWM_Diagnose.ex	IOCTL_SERIAL_GET_COMMSTATUS	Serial0	SUCCESS		
28	18:03:56	RWM_Diagnose.ex	IRP_MJ_READ	Serial0	SUCCESS	Length 6: .Done.	
29	18:03:57	RWM_Diagnose.ex	IRP_MJ_WRITE	Serial0	SUCCESS	Length 12: .DA:B1DB:03.	
30	18:03:57	RWM_Diagnose.ex	IOCTL_SERIAL_GET_COMMSTATUS	Serial0	SUCCESS		
31	18:03:57	RWM_Diagnose.ex	IOCTL_SERIAL_WAIT_ON_MASK	Serial0	SUCCESS		
32	18:03:57	RWM_Diagnose.ex	IOCTL_SERIAL_GET_COMMSTATUS	Serial0	SUCCESS		
33	18:03:57	RWM_Diagnose.ex	IRP_MJ_READ	Serial0	SUCCESS	Length 1: .	
34	18:03:57	RWM_Diagnose.ex	IOCTL_SERIAL_WAIT_ON_MASK	Serial0	SUCCESS		
35	18:03:57	RWM_Diagnose.ex	IOCTL_SERIAL_WAIT_ON_MASK	Serial0	SUCCESS		
36	18:03:57	RWM_Diagnose.ex	IOCTL_SERIAL_GET_COMMSTATUS	Serial0	SUCCESS		
37	18:03:57	RWM_Diagnose.ex	IRP_MJ_READ	Serial0	SUCCESS	Length 6: .Done.	
38	18:03:57	RWM_Diagnose.ex	IOCTL_SERIAL_GET_COMMSTATUS	Serial0	SUCCESS		
39	18:04:08	RWM_Diagnose.ex	IRP_MJ_WRITE	Serial0	SUCCESS	Length 12: .DA:B1DB:06.	
40	18:04:08	RWM_Diagnose.ex	IOCTL_SERIAL_WAIT_ON_MASK	Serial0	SUCCESS		
41	18:04:08	RWM_Diagnose.ex	IOCTL_SERIAL_GET_COMMSTATUS	Serial0	SUCCESS		
42	18:04:08	RWM_Diagnose.ex	IRP_MJ_READ	Serial0	SUCCESS	Length 1: .	
43	18:04:09	RWM_Diagnose.ex	IOCTL_SERIAL_WAIT_ON_MASK	Serial0	SUCCESS		
44	18:04:09	RWM_Diagnose.ex	IOCTL_SERIAL_WAIT_ON_MASK	Serial0	SUCCESS		
45	18:04:09	RWM_Diagnose.ex	IOCTL_SERIAL_GET_COMMSTATUS	Serial0	SUCCESS		
46	18:04:09	RWM_Diagnose.ex	IRP_MJ_READ	Serial0	SUCCESS	Length 6: .Done.	
47	18:04:09	RWM_Diagnose.ex	IRP_MJ_WRITE	Serial0	SUCCESS	Length 12: .DA:B1DB:04.	
48	18:04:09	RWM_Diagnose.ex	IOCTL_SERIAL_GET_COMMSTATUS	Serial0	SUCCESS		
49	18:04:09	RWM_Diagnose.ex	IOCTL_SERIAL_WAIT_ON_MASK	Serial0	SUCCESS		
50	18:04:09	RWM_Diagnose.ex	IOCTL_SERIAL_GET_COMMSTATUS	Serial0	SUCCESS		
51	18:04:09	RWM_Diagnose.ex	IRP_MJ_READ	Serial0	SUCCESS	Length 1: .	
52	18:04:13	RWM_Diagnose.ex	IOCTL_SERIAL_WAIT_ON_MASK	Serial0	SUCCESS		
53	18:04:13	RWM_Diagnose.ex	IOCTL_SERIAL_WAIT_ON_MASK	Serial0			
54	18:04:13	RWM_Diagnose.ex	IOCTL_SERIAL_GET_COMMSTATUS	Serial0	SUCCESS		
55	18:04:13	RWM_Diagnose.ex	IRP_MJ_READ	Serial0	SUCCESS	Length 6: .Done.	
56	18:04:13	RWM_Diagnose.ex	IOCTL_SERIAL_GET_COMMSTATUS	Serial0	SUCCESS		
